# do {internal_cell_TB_compile.do}
# ** Warning: (vlib-34) Library already exists at "modelsim_lib/work".
# ** Warning: (vlib-34) Library already exists at "modelsim_lib/msim".
# ** Warning: (vlib-34) Library already exists at "modelsim_lib/msim/xbip_utils_v3_0_9".
# ** Warning: (vlib-34) Library already exists at "modelsim_lib/msim/axi_utils_v2_0_5".
# ** Warning: (vlib-34) Library already exists at "modelsim_lib/msim/xbip_pipe_v3_0_5".
# ** Warning: (vlib-34) Library already exists at "modelsim_lib/msim/xbip_dsp48_wrapper_v3_0_4".
# ** Warning: (vlib-34) Library already exists at "modelsim_lib/msim/xbip_dsp48_addsub_v3_0_5".
# ** Warning: (vlib-34) Library already exists at "modelsim_lib/msim/xbip_dsp48_multadd_v3_0_5".
# ** Warning: (vlib-34) Library already exists at "modelsim_lib/msim/xbip_bram18k_v3_0_5".
# ** Warning: (vlib-34) Library already exists at "modelsim_lib/msim/mult_gen_v12_0_14".
# ** Warning: (vlib-34) Library already exists at "modelsim_lib/msim/floating_point_v7_1_7".
# ** Warning: (vlib-34) Library already exists at "modelsim_lib/msim/xil_defaultlib".
# Model Technology ModelSim - Intel FPGA Edition vmap 10.5b Lib Mapping Utility 2016.10 Oct  5 2016
# vmap xbip_utils_v3_0_9 modelsim_lib/msim/xbip_utils_v3_0_9 
# Modifying modelsim.ini
# Model Technology ModelSim - Intel FPGA Edition vmap 10.5b Lib Mapping Utility 2016.10 Oct  5 2016
# vmap axi_utils_v2_0_5 modelsim_lib/msim/axi_utils_v2_0_5 
# Modifying modelsim.ini
# Model Technology ModelSim - Intel FPGA Edition vmap 10.5b Lib Mapping Utility 2016.10 Oct  5 2016
# vmap xbip_pipe_v3_0_5 modelsim_lib/msim/xbip_pipe_v3_0_5 
# Modifying modelsim.ini
# Model Technology ModelSim - Intel FPGA Edition vmap 10.5b Lib Mapping Utility 2016.10 Oct  5 2016
# vmap xbip_dsp48_wrapper_v3_0_4 modelsim_lib/msim/xbip_dsp48_wrapper_v3_0_4 
# Modifying modelsim.ini
# Model Technology ModelSim - Intel FPGA Edition vmap 10.5b Lib Mapping Utility 2016.10 Oct  5 2016
# vmap xbip_dsp48_addsub_v3_0_5 modelsim_lib/msim/xbip_dsp48_addsub_v3_0_5 
# Modifying modelsim.ini
# Model Technology ModelSim - Intel FPGA Edition vmap 10.5b Lib Mapping Utility 2016.10 Oct  5 2016
# vmap xbip_dsp48_multadd_v3_0_5 modelsim_lib/msim/xbip_dsp48_multadd_v3_0_5 
# Modifying modelsim.ini
# Model Technology ModelSim - Intel FPGA Edition vmap 10.5b Lib Mapping Utility 2016.10 Oct  5 2016
# vmap xbip_bram18k_v3_0_5 modelsim_lib/msim/xbip_bram18k_v3_0_5 
# Modifying modelsim.ini
# Model Technology ModelSim - Intel FPGA Edition vmap 10.5b Lib Mapping Utility 2016.10 Oct  5 2016
# vmap mult_gen_v12_0_14 modelsim_lib/msim/mult_gen_v12_0_14 
# Modifying modelsim.ini
# Model Technology ModelSim - Intel FPGA Edition vmap 10.5b Lib Mapping Utility 2016.10 Oct  5 2016
# vmap floating_point_v7_1_7 modelsim_lib/msim/floating_point_v7_1_7 
# Modifying modelsim.ini
# Model Technology ModelSim - Intel FPGA Edition vmap 10.5b Lib Mapping Utility 2016.10 Oct  5 2016
# vmap xil_defaultlib modelsim_lib/msim/xil_defaultlib 
# Modifying modelsim.ini
# ** Warning: (vcom-159) Mode option -64 is not supported in this context and will be ignored.
# Model Technology ModelSim - Intel FPGA Edition vcom 10.5b Compiler 2016.10 Oct  5 2016
# Start time: 20:30:21 on Apr 02,2019
# vcom -64 -93 -work xbip_utils_v3_0_9 ../../../../MSGR.ip_user_files/ipstatic/hdl/xbip_utils_v3_0_vh_rfs.vhd 
# -- Loading package STANDARD
# End time: 20:30:22 on Apr 02,2019, Elapsed time: 0:00:01
# Errors: 0, Warnings: 1
# ** Warning: (vcom-159) Mode option -64 is not supported in this context and will be ignored.
# Model Technology ModelSim - Intel FPGA Edition vcom 10.5b Compiler 2016.10 Oct  5 2016
# Start time: 20:30:22 on Apr 02,2019
# vcom -64 -93 -work axi_utils_v2_0_5 ../../../../MSGR.ip_user_files/ipstatic/hdl/axi_utils_v2_0_vh_rfs.vhd 
# -- Loading package STANDARD
# End time: 20:30:23 on Apr 02,2019, Elapsed time: 0:00:01
# Errors: 0, Warnings: 1
# ** Warning: (vcom-159) Mode option -64 is not supported in this context and will be ignored.
# Model Technology ModelSim - Intel FPGA Edition vcom 10.5b Compiler 2016.10 Oct  5 2016
# Start time: 20:30:23 on Apr 02,2019
# vcom -64 -93 -work xbip_pipe_v3_0_5 ../../../../MSGR.ip_user_files/ipstatic/hdl/xbip_pipe_v3_0_vh_rfs.vhd 
# -- Loading package STANDARD
# End time: 20:30:23 on Apr 02,2019, Elapsed time: 0:00:00
# Errors: 0, Warnings: 1
# ** Warning: (vcom-159) Mode option -64 is not supported in this context and will be ignored.
# Model Technology ModelSim - Intel FPGA Edition vcom 10.5b Compiler 2016.10 Oct  5 2016
# Start time: 20:30:23 on Apr 02,2019
# vcom -64 -93 -work xbip_dsp48_wrapper_v3_0_4 ../../../../MSGR.ip_user_files/ipstatic/hdl/xbip_dsp48_wrapper_v3_0_vh_rfs.vhd 
# -- Loading package STANDARD
# ** Error: ../../../../MSGR.ip_user_files/ipstatic/hdl/xbip_dsp48_wrapper_v3_0_vh_rfs.vhd(574): (vcom-1598) Library "unisim" not found.
# ** Error: ../../../../MSGR.ip_user_files/ipstatic/hdl/xbip_dsp48_wrapper_v3_0_vh_rfs.vhd(575): (vcom-1136) Unknown identifier "<protected>".
# ** Error: ../../../../MSGR.ip_user_files/ipstatic/hdl/xbip_dsp48_wrapper_v3_0_vh_rfs.vhd(582): VHDL Compiler exiting
# End time: 20:30:24 on Apr 02,2019, Elapsed time: 0:00:01
# Errors: 3, Warnings: 1
# ** Error: D:/intelFPGA_lite/18.1/modelsim_ase/win32aloem/vcom failed.
# Error in macro ./internal_cell_TB_compile.do line 45
# D:/intelFPGA_lite/18.1/modelsim_ase/win32aloem/vcom failed.
#     while executing
# "vcom -64 -93 -work xbip_dsp48_wrapper_v3_0_4  \
# "../../../../MSGR.ip_user_files/ipstatic/hdl/xbip_dsp48_wrapper_v3_0_vh_rfs.vhd" \
# "
