Vivado Simulator 2018.3
Copyright 1986-1999, 2001-2018 Xilinx, Inc. All Rights Reserved.
Running: D:/Xilinx/Vivado/2018.3/bin/unwrapped/win64.o/xelab.exe -wto f750eb8f4cf544fc84bde17c0e5e979b --incr --debug typical --relax --mt 2 -L xil_defaultlib -L secureip --snapshot internal_cell_TB_func_synth xil_defaultlib.internal_cell_TB -log elaborate.log 
Using 2 slave threads.
Starting static elaboration
Completed static elaboration
Starting simulation data flow analysis
Completed simulation data flow analysis
Time Resolution for simulation is 1ps
Compiling package std.standard
Compiling package std.textio
Compiling package ieee.std_logic_1164
Compiling package ieee.numeric_std
Compiling package unisim.vcomponents
Compiling package ieee.vital_timing
Compiling package ieee.vital_primitives
Compiling package unisim.vpkg
Compiling architecture gnd_v of entity unisim.GND [gnd_default]
Compiling architecture vcc_v of entity unisim.VCC [vcc_default]
Compiling architecture lut2_v of entity unisim.LUT2 [\LUT2(init="1110")(0,3)\]
Compiling architecture carry4_v of entity unisim.CARRY4 [carry4_default]
Compiling architecture structure of entity xil_defaultlib.\FP_ADDER_carry_chain__parameterized2\ [\FP_ADDER_carry_chain__parameter...]
Compiling architecture structure of entity xil_defaultlib.\FP_ADDER_compare_eq_im__parameterized0\ [\FP_ADDER_compare_eq_im__paramet...]
Compiling architecture muxf7_v of entity unisim.MUXF7 [muxf7_default]
Compiling architecture muxf8_v of entity unisim.MUXF8 [muxf8_default]
Compiling architecture structure of entity xil_defaultlib.FP_ADDER_zero_det_sel [fp_adder_zero_det_sel_default]
Compiling architecture structure of entity xil_defaultlib.FP_ADDER_alignment [fp_adder_alignment_default]
Compiling architecture lut2_v of entity unisim.LUT2 [\LUT2(init="1001")(0,3)\]
Compiling architecture structure of entity xil_defaultlib.\FP_ADDER_carry_chain__parameterized3\ [\FP_ADDER_carry_chain__parameter...]
Compiling architecture lut3_v of entity unisim.LUT3 [\LUT3(init="11111110")(0,7)\]
Compiling architecture lut1_v of entity unisim.LUT1 [\LUT1(init="0001")(0,3)\]
Compiling architecture lut2_v of entity unisim.LUT2 [\LUT2(init="0110")(0,3)\]
Compiling architecture lut6_v of entity unisim.LUT6 [\LUT6(init="11100000111011101110...]
Compiling architecture lut6_v of entity unisim.LUT6 [\LUT6(init="11111011000010111111...]
Compiling architecture lut6_v of entity unisim.LUT6 [\LUT6(init="00000000000000000000...]
Compiling architecture structure of entity xil_defaultlib.\FP_ADDER_carry_chain__parameterized4\ [\FP_ADDER_carry_chain__parameter...]
Compiling architecture structure of entity xil_defaultlib.FP_ADDER_addsub_logic [fp_adder_addsub_logic_default]
Compiling architecture structure of entity xil_defaultlib.FP_ADDER_addsub [fp_adder_addsub_default]
Compiling architecture structure of entity xil_defaultlib.FP_ADDER_flt_add_lat_align_add [fp_adder_flt_add_lat_align_add_d...]
Compiling architecture lut6_v of entity unisim.LUT6 [\LUT6(init="01000111000000001011...]
Compiling architecture lut6_v of entity unisim.LUT6 [\LUT6(init="10101111101000001100...]
Compiling architecture lut6_v of entity unisim.LUT6 [\LUT6(init="00000000000000000000...]
Compiling architecture lut6_v of entity unisim.LUT6 [\LUT6(init="10010110011001101001...]
Compiling architecture lut5_v of entity unisim.LUT5 [\LUT5(init="00010101000101010001...]
Compiling architecture lut4_v of entity unisim.LUT4 [\LUT4(init="0000000011100010")(0...]
Compiling architecture lut3_v of entity unisim.LUT3 [\LUT3(init="10111000")(0,7)\]
Compiling architecture lut5_v of entity unisim.LUT5 [\LUT5(init="10111010101111111000...]
Compiling architecture lut6_v of entity unisim.LUT6 [\LUT6(init="11000100110001001111...]
Compiling architecture lut6_v of entity unisim.LUT6 [\LUT6(init="01110111011101000111...]
Compiling architecture lut5_v of entity unisim.LUT5 [\LUT5(init="00001010110011110000...]
Compiling architecture lut5_v of entity unisim.LUT5 [\LUT5(init="00001100111110100000...]
Compiling architecture lut5_v of entity unisim.LUT5 [\LUT5(init="11110101001100001111...]
Compiling architecture lut6_v of entity unisim.LUT6 [\LUT6(init="11111111111100110011...]
Compiling architecture lut6_v of entity unisim.LUT6 [\LUT6(init="11111111111111110100...]
Compiling architecture lut6_v of entity unisim.LUT6 [\LUT6(init="10101010101010100101...]
Compiling architecture lut6_v of entity unisim.LUT6 [\LUT6(init="11111111111111111111...]
Compiling architecture lut6_v of entity unisim.LUT6 [\LUT6(init="10110000101110111111...]
Compiling architecture lut5_v of entity unisim.LUT5 [\LUT5(init="00000000000010011001...]
Compiling architecture lut6_v of entity unisim.LUT6 [\LUT6(init="11111111111100010001...]
Compiling architecture lut5_v of entity unisim.LUT5 [\LUT5(init="11100001000111100001...]
Compiling architecture lut6_v of entity unisim.LUT6 [\LUT6(init="00001011101110111111...]
Compiling architecture lut6_v of entity unisim.LUT6 [\LUT6(init="10111010101111111010...]
Compiling architecture lut6_v of entity unisim.LUT6 [\LUT6(init="11111111111111111111...]
Compiling architecture lut6_v of entity unisim.LUT6 [\LUT6(init="00000100111110111111...]
Compiling architecture lut5_v of entity unisim.LUT5 [\LUT5(init="11111111111110101100...]
Compiling architecture lut6_v of entity unisim.LUT6 [\LUT6(init="10011111100110011001...]
Compiling architecture lut3_v of entity unisim.LUT3 [\LUT3(init="00000010")(0,7)\]
Compiling architecture lut5_v of entity unisim.LUT5 [\LUT5(init="10111000101110111011...]
Compiling architecture lut6_v of entity unisim.LUT6 [\LUT6(init="00000000000000000000...]
Compiling architecture lut3_v of entity unisim.LUT3 [\LUT3(init="10101011")(0,7)\]
Compiling architecture lut3_v of entity unisim.LUT3 [\LUT3(init="00011101")(0,7)\]
Compiling architecture lut5_v of entity unisim.LUT5 [\LUT5(init="00000000000000000111...]
Compiling architecture lut6_v of entity unisim.LUT6 [\LUT6(init="11011101110111011101...]
Compiling architecture lut6_v of entity unisim.LUT6 [\LUT6(init="00000000000000000000...]
Compiling architecture lut5_v of entity unisim.LUT5 [\LUT5(init="00001111110010100000...]
Compiling architecture lut6_v of entity unisim.LUT6 [\LUT6(init="00110011001110001000...]
Compiling architecture lut6_v of entity unisim.LUT6 [\LUT6(init="00000000000000000101...]
Compiling architecture lut5_v of entity unisim.LUT5 [\LUT5(init="00000000000000001111...]
Compiling architecture lut6_v of entity unisim.LUT6 [\LUT6(init="10001010100000000111...]
Compiling architecture lut5_v of entity unisim.LUT5 [\LUT5(init="10101010101010110101...]
Compiling architecture lut5_v of entity unisim.LUT5 [\LUT5(init="00110011010110101100...]
Compiling architecture lut6_v of entity unisim.LUT6 [\LUT6(init="11011101110111011101...]
Compiling architecture lut5_v of entity unisim.LUT5 [\LUT5(init="10100011101010101010...]
Compiling architecture lut6_v of entity unisim.LUT6 [\LUT6(init="00000000000000000000...]
Compiling architecture lut6_v of entity unisim.LUT6 [\LUT6(init="00000010101000101111...]
Compiling architecture lut4_v of entity unisim.LUT4 [\LUT4(init="0000000000000001")(0...]
Compiling architecture lut6_v of entity unisim.LUT6 [\LUT6(init="10101001010110011010...]
Compiling architecture lut6_v of entity unisim.LUT6 [\LUT6(init="01011111010111110011...]
Compiling architecture lut6_v of entity unisim.LUT6 [\LUT6(init="11111111111111110100...]
Compiling architecture lut5_v of entity unisim.LUT5 [\LUT5(init="11001100101000000000...]
Compiling architecture lut6_v of entity unisim.LUT6 [\LUT6(init="00110000000000111011...]
Compiling architecture lut6_v of entity unisim.LUT6 [\LUT6(init="11111111001100000011...]
Compiling architecture lut5_v of entity unisim.LUT5 [\LUT5(init="00000000000010101100...]
Compiling architecture lut6_v of entity unisim.LUT6 [\LUT6(init="01111000011101110111...]
Compiling architecture lut6_v of entity unisim.LUT6 [\LUT6(init="11110100010001001111...]
Compiling architecture lut6_v of entity unisim.LUT6 [\LUT6(init="11111111111111111111...]
Compiling architecture lut6_v of entity unisim.LUT6 [\LUT6(init="10100000101000001100...]
Compiling architecture lut6_v of entity unisim.LUT6 [\LUT6(init="11111111111111111111...]
Compiling architecture lut6_v of entity unisim.LUT6 [\LUT6(init="01011111010111110111...]
Compiling architecture lut6_v of entity unisim.LUT6 [\LUT6(init="11101110111011101110...]
Compiling architecture lut6_v of entity unisim.LUT6 [\LUT6(init="01110000010000001000...]
Compiling architecture lut6_v of entity unisim.LUT6 [\LUT6(init="10111011101110111010...]
Compiling architecture lut6_v of entity unisim.LUT6 [\LUT6(init="01011111010111110011...]
Compiling architecture lut6_v of entity unisim.LUT6 [\LUT6(init="11111111111111111111...]
Compiling architecture lut2_v of entity unisim.LUT2 [\LUT2(init="0001")(0,3)\]
Compiling architecture lut6_v of entity unisim.LUT6 [\LUT6(init="11101010101010101110...]
Compiling architecture lut5_v of entity unisim.LUT5 [\LUT5(init="10011001100111111111...]
Compiling architecture lut6_v of entity unisim.LUT6 [\LUT6(init="00000000000000000000...]
Compiling architecture lut6_v of entity unisim.LUT6 [\LUT6(init="11101110111011101110...]
Compiling architecture lut6_v of entity unisim.LUT6 [\LUT6(init="11111111111111111111...]
Compiling architecture lut6_v of entity unisim.LUT6 [\LUT6(init="00000000000000000000...]
Compiling architecture lut5_v of entity unisim.LUT5 [\LUT5(init="00000000110100000000...]
Compiling architecture lut5_v of entity unisim.LUT5 [\LUT5(init="00110011010111111111...]
Compiling architecture lut4_v of entity unisim.LUT4 [\LUT4(init="0000000010000000")(0...]
Compiling architecture lut6_v of entity unisim.LUT6 [\LUT6(init="00001000000000000000...]
Compiling architecture lut6_v of entity unisim.LUT6 [\LUT6(init="10111010101111111111...]
Compiling architecture lut5_v of entity unisim.LUT5 [\LUT5(init="00000000000000001010...]
Compiling architecture lut6_v of entity unisim.LUT6 [\LUT6(init="01010100010001010000...]
Compiling architecture lut6_v of entity unisim.LUT6 [\LUT6(init="11111111111111111111...]
Compiling architecture lut6_v of entity unisim.LUT6 [\LUT6(init="11111111101010011111...]
Compiling architecture structure of entity xil_defaultlib.\FP_ADDER_carry_chain__parameterized0\ [\FP_ADDER_carry_chain__parameter...]
Compiling architecture lut4_v of entity unisim.LUT4 [\LUT4(init="0000000000010000")(0...]
Compiling architecture structure of entity xil_defaultlib.\FP_ADDER_carry_chain__parameterized0_0\ [\FP_ADDER_carry_chain__parameter...]
Compiling architecture lut6_v of entity unisim.LUT6 [\LUT6(init="00000000000000000000...]
Compiling architecture lut5_v of entity unisim.LUT5 [\LUT5(init="00000000000000000000...]
Compiling architecture lut6_v of entity unisim.LUT6 [\LUT6(init="10001000100010101010...]
Compiling architecture lut6_v of entity unisim.LUT6 [\LUT6(init="00000000000000000000...]
Compiling architecture lut6_v of entity unisim.LUT6 [\LUT6(init="11011111111111111111...]
Compiling architecture structure of entity xil_defaultlib.FP_ADDER_carry_chain_3 [fp_adder_carry_chain_3_default]
Compiling architecture structure of entity xil_defaultlib.FP_ADDER_compare_eq_im_2 [fp_adder_compare_eq_im_2_default]
Compiling architecture structure of entity xil_defaultlib.FP_ADDER_special_detect [fp_adder_special_detect_default]
Compiling architecture lut6_v of entity unisim.LUT6 [\LUT6(init="01000000010000000100...]
Compiling architecture lut6_v of entity unisim.LUT6 [\LUT6(init="00000000111111111111...]
Compiling architecture lut2_v of entity unisim.LUT2 [\LUT2(init="0010")(0,3)\]
Compiling architecture lut6_v of entity unisim.LUT6 [\LUT6(init="11111111111111111111...]
Compiling architecture lut6_v of entity unisim.LUT6 [\LUT6(init="11111111111111111011...]
Compiling architecture lut3_v of entity unisim.LUT3 [\LUT3(init="00001110")(0,7)\]
Compiling architecture lut3_v of entity unisim.LUT3 [\LUT3(init="11111101")(0,7)\]
Compiling architecture structure of entity xil_defaultlib.FP_ADDER_carry_chain [fp_adder_carry_chain_default]
Compiling architecture structure of entity xil_defaultlib.FP_ADDER_compare_eq_im [fp_adder_compare_eq_im_default]
Compiling architecture structure of entity xil_defaultlib.FP_ADDER_special_detect_1 [fp_adder_special_detect_1_defaul...]
Compiling architecture lut3_v of entity unisim.LUT3 [\LUT3(init="11110100")(0,7)\]
Compiling architecture lut6_2_v of entity unisim.LUT6_2 [\LUT6_2(init="000010101111100100...]
Compiling architecture lut6_2_v of entity unisim.LUT6_2 [\LUT6_2(init="000010101111100100...]
Compiling architecture lut6_2_v of entity unisim.LUT6_2 [\LUT6_2(init="000001010000100100...]
Compiling architecture lut6_2_v of entity unisim.LUT6_2 [\LUT6_2(init="000001010000100100...]
Compiling architecture lut6_2_v of entity unisim.LUT6_2 [\LUT6_2(init="111110100000100111...]
Compiling architecture lut6_2_v of entity unisim.LUT6_2 [\LUT6_2(init="111110100000100111...]
Compiling architecture lut6_2_v of entity unisim.LUT6_2 [\LUT6_2(init="111101011111100111...]
Compiling architecture lut6_2_v of entity unisim.LUT6_2 [\LUT6_2(init="111101011111100111...]
Compiling architecture structure of entity xil_defaultlib.\FP_ADDER_carry_chain__parameterized1\ [\FP_ADDER_carry_chain__parameter...]
Compiling architecture lut4_v of entity unisim.LUT4 [\LUT4(init="1110000011110100")(0...]
Compiling architecture lut4_v of entity unisim.LUT4 [\LUT4(init="1111101110101110")(0...]
Compiling architecture lut4_v of entity unisim.LUT4 [\LUT4(init="1110111010101110")(0...]
Compiling architecture lut3_v of entity unisim.LUT3 [\LUT3(init="01110100")(0,7)\]
Compiling architecture lut4_v of entity unisim.LUT4 [\LUT4(init="1100000010111110")(0...]
Compiling architecture lut6_v of entity unisim.LUT6 [\LUT6(init="11111111111111110111...]
Compiling architecture lut4_v of entity unisim.LUT4 [\LUT4(init="0111111111111111")(0...]
Compiling architecture structure of entity xil_defaultlib.FP_ADDER_flt_add_lat_exp [fp_adder_flt_add_lat_exp_default]
Compiling architecture lut5_v of entity unisim.LUT5 [\LUT5(init="10111011101110101000...]
Compiling architecture lut5_v of entity unisim.LUT5 [\LUT5(init="00010001000100001101...]
Compiling architecture lut5_v of entity unisim.LUT5 [\LUT5(init="01000100010001010111...]
Compiling architecture lut5_v of entity unisim.LUT5 [\LUT5(init="00000011010001111111...]
Compiling architecture lut6_v of entity unisim.LUT6 [\LUT6(init="01010000001100110101...]
Compiling architecture lut6_v of entity unisim.LUT6 [\LUT6(init="00011101110111010001...]
Compiling architecture lut6_v of entity unisim.LUT6 [\LUT6(init="10100010111101110000...]
Compiling architecture lut6_v of entity unisim.LUT6 [\LUT6(init="11111111110010101111...]
Compiling architecture lut6_v of entity unisim.LUT6 [\LUT6(init="11111111111111111111...]
Compiling architecture lut6_v of entity unisim.LUT6 [\LUT6(init="11111101111111111111...]
Compiling architecture lut5_v of entity unisim.LUT5 [\LUT5(init="00010000000100010001...]
Compiling architecture lut6_v of entity unisim.LUT6 [\LUT6(init="00000000000100010000...]
Compiling architecture lut6_v of entity unisim.LUT6 [\LUT6(init="00000010000000100000...]
Compiling architecture lut5_v of entity unisim.LUT5 [\LUT5(init="10111000000000001011...]
Compiling architecture lut6_v of entity unisim.LUT6 [\LUT6(init="00000000110100001111...]
Compiling architecture lut6_v of entity unisim.LUT6 [\LUT6(init="10111011101110111011...]
Compiling architecture lut6_v of entity unisim.LUT6 [\LUT6(init="11111111111111111111...]
Compiling architecture lut6_v of entity unisim.LUT6 [\LUT6(init="11100010000000001111...]
Compiling architecture lut6_v of entity unisim.LUT6 [\LUT6(init="10111011101110111000...]
Compiling architecture lut6_v of entity unisim.LUT6 [\LUT6(init="11111111111111110000...]
Compiling architecture lut6_v of entity unisim.LUT6 [\LUT6(init="11111011111110001111...]
Compiling architecture lut6_v of entity unisim.LUT6 [\LUT6(init="00101111001000000010...]
Compiling architecture lut6_v of entity unisim.LUT6 [\LUT6(init="11111110110011101111...]
Compiling architecture lut5_v of entity unisim.LUT5 [\LUT5(init="10100000110000001010...]
Compiling architecture lut5_v of entity unisim.LUT5 [\LUT5(init="00000101000000000000...]
Compiling architecture lut5_v of entity unisim.LUT5 [\LUT5(init="00010001000100000000...]
Compiling architecture lut4_v of entity unisim.LUT4 [\LUT4(init="0000000000110101")(0...]
Compiling architecture lut5_v of entity unisim.LUT5 [\LUT5(init="00000000000000000000...]
Compiling architecture lut6_v of entity unisim.LUT6 [\LUT6(init="10110011101111111011...]
Compiling architecture lut6_v of entity unisim.LUT6 [\LUT6(init="11011111110111111101...]
Compiling architecture lut5_v of entity unisim.LUT5 [\LUT5(init="00000011000000000000...]
Compiling architecture lut6_v of entity unisim.LUT6 [\LUT6(init="10100010111101110000...]
Compiling architecture lut6_v of entity unisim.LUT6 [\LUT6(init="10100010101000100000...]
Compiling architecture lut6_v of entity unisim.LUT6 [\LUT6(init="01000111111111111111...]
Compiling architecture lut6_v of entity unisim.LUT6 [\LUT6(init="11111010110010101111...]
Compiling architecture lut6_v of entity unisim.LUT6 [\LUT6(init="01010111010101110101...]
Compiling architecture lut3_v of entity unisim.LUT3 [\LUT3(init="11110001")(0,7)\]
Compiling architecture lut5_v of entity unisim.LUT5 [\LUT5(init="00001100010111001111...]
Compiling architecture lut6_v of entity unisim.LUT6 [\LUT6(init="10111011101110111000...]
Compiling architecture lut6_v of entity unisim.LUT6 [\LUT6(init="00011101000000000001...]
Compiling architecture lut6_v of entity unisim.LUT6 [\LUT6(init="11000101111101011100...]
Compiling architecture lut6_v of entity unisim.LUT6 [\LUT6(init="10110000101111111011...]
Compiling architecture lut5_v of entity unisim.LUT5 [\LUT5(init="10011001100101010101...]
Compiling architecture lut5_v of entity unisim.LUT5 [\LUT5(init="00000000000000110101...]
Compiling architecture lut6_v of entity unisim.LUT6 [\LUT6(init="00011101111111111111...]
Compiling architecture lut6_v of entity unisim.LUT6 [\LUT6(init="10101010000010101111...]
Compiling architecture lut6_v of entity unisim.LUT6 [\LUT6(init="10001011100010001000...]
Compiling architecture lut6_v of entity unisim.LUT6 [\LUT6(init="11101111111011111110...]
Compiling architecture lut6_v of entity unisim.LUT6 [\LUT6(init="10001000100010111011...]
Compiling architecture lut6_v of entity unisim.LUT6 [\LUT6(init="00000000111111011111...]
Compiling architecture lut6_v of entity unisim.LUT6 [\LUT6(init="11111111111101000100...]
Compiling architecture lut5_v of entity unisim.LUT5 [\LUT5(init="11001111110000000101...]
Compiling architecture lut4_v of entity unisim.LUT4 [\LUT4(init="1000000011111111")(0...]
Compiling architecture lut5_v of entity unisim.LUT5 [\LUT5(init="00100000001000000010...]
Compiling architecture lut5_v of entity unisim.LUT5 [\LUT5(init="01110111000011110111...]
Compiling architecture structure of entity xil_defaultlib.\FP_ADDER_carry_chain__parameterized5\ [\FP_ADDER_carry_chain__parameter...]
Compiling architecture lut6_v of entity unisim.LUT6 [\LUT6(init="11111111011101111111...]
Compiling architecture lut5_v of entity unisim.LUT5 [\LUT5(init="10111000111111111011...]
Compiling architecture lut6_v of entity unisim.LUT6 [\LUT6(init="00000000000000000000...]
Compiling architecture lut3_v of entity unisim.LUT3 [\LUT3(init="10000000")(0,7)\]
Compiling architecture lut3_v of entity unisim.LUT3 [\LUT3(init="10011111")(0,7)\]
Compiling architecture lut5_v of entity unisim.LUT5 [\LUT5(init="10101001100110100101...]
Compiling architecture structure of entity xil_defaultlib.\FP_ADDER_carry_chain__parameterized6\ [\FP_ADDER_carry_chain__parameter...]
Compiling architecture structure of entity xil_defaultlib.FP_ADDER_lead_zero_encode [fp_adder_lead_zero_encode_defaul...]
Compiling architecture structure of entity xil_defaultlib.FP_ADDER_normalize [fp_adder_normalize_default]
Compiling architecture lut4_v of entity unisim.LUT4 [\LUT4(init="1001101010101001")(0...]
Compiling architecture structure of entity xil_defaultlib.FP_ADDER_flt_add_lat_norm [fp_adder_flt_add_lat_norm_defaul...]
Compiling architecture fdre_v of entity unisim.FDRE [fdre_default]
Compiling architecture lut5_v of entity unisim.LUT5 [\LUT5(init="11111111111111110111...]
Compiling architecture structure of entity xil_defaultlib.FP_ADDER_flt_dec_op_lat [fp_adder_flt_dec_op_lat_default]
Compiling architecture structure of entity xil_defaultlib.\FP_ADDER_carry_chain__parameterized10\ [\FP_ADDER_carry_chain__parameter...]
Compiling architecture lut6_v of entity unisim.LUT6 [\LUT6(init="11111111111111111111...]
Compiling architecture lut4_v of entity unisim.LUT4 [\LUT4(init="1111111111111110")(0...]
Compiling architecture structure of entity xil_defaultlib.\FP_ADDER_carry_chain__parameterized8\ [\FP_ADDER_carry_chain__parameter...]
Compiling architecture structure of entity xil_defaultlib.\FP_ADDER_carry_chain__parameterized9\ [\FP_ADDER_carry_chain__parameter...]
Compiling architecture structure of entity xil_defaultlib.\FP_ADDER_carry_chain__parameterized7\ [\FP_ADDER_carry_chain__parameter...]
Compiling architecture structure of entity xil_defaultlib.FP_ADDER_flt_round_bit [fp_adder_flt_round_bit_default]
Compiling architecture structure of entity xil_defaultlib.FP_ADDER_renorm_and_round_logic [fp_adder_renorm_and_round_logic_...]
Compiling architecture structure of entity xil_defaultlib.FP_ADDER_flt_add_lat [fp_adder_flt_add_lat_default]
Compiling architecture structure of entity xil_defaultlib.FP_ADDER_flt_add [fp_adder_flt_add_default]
Compiling architecture lut2_v of entity unisim.LUT2 [\LUT2(init="1000")(0,3)\]
Compiling architecture structure of entity xil_defaultlib.FP_ADDER_xbip_pipe_v3_0_5_viv [fp_adder_xbip_pipe_v3_0_5_viv_de...]
Compiling architecture structure of entity xil_defaultlib.FP_ADDER_floating_point_v7_1_7_viv [fp_adder_floating_point_v7_1_7_v...]
Compiling architecture structure of entity xil_defaultlib.FP_ADDER_floating_point_v7_1_7 [fp_adder_floating_point_v7_1_7_d...]
Compiling architecture structure of entity xil_defaultlib.FP_ADDER [fp_adder_default]
Compiling architecture lut3_v of entity unisim.LUT3 [\LUT3(init="10101100")(0,7)\]
Compiling architecture structure of entity xil_defaultlib.reg [reg_default]
Compiling architecture lut1_v of entity unisim.LUT1 [\LUT1(init="0010")(0,3)\]
Compiling architecture lut4_v of entity unisim.LUT4 [\LUT4(init="0000111100000100")(0...]
Compiling architecture lut4_v of entity unisim.LUT4 [\LUT4(init="1110111100000000")(0...]
Compiling architecture lut4_v of entity unisim.LUT4 [\LUT4(init="1010101011101010")(0...]
Compiling architecture lut6_v of entity unisim.LUT6 [\LUT6(init="00000000000000000000...]
Compiling architecture lut3_v of entity unisim.LUT3 [\LUT3(init="00000100")(0,7)\]
Compiling architecture lut6_v of entity unisim.LUT6 [\LUT6(init="11111111111111111111...]
Compiling architecture lut6_v of entity unisim.LUT6 [\LUT6(init="11111111111111111111...]
Compiling architecture lut4_v of entity unisim.LUT4 [\LUT4(init="1111111111101111")(0...]
Compiling architecture lut3_v of entity unisim.LUT3 [\LUT3(init="11110111")(0,7)\]
Compiling architecture lut6_v of entity unisim.LUT6 [\LUT6(init="11111111111111110000...]
Compiling architecture lut6_v of entity unisim.LUT6 [\LUT6(init="10101010101010101010...]
Compiling architecture lut5_v of entity unisim.LUT5 [\LUT5(init="00000000000000001100...]
Compiling architecture lut4_v of entity unisim.LUT4 [\LUT4(init="1010100000000000")(0...]
Compiling architecture lut6_v of entity unisim.LUT6 [\LUT6(init="00000000000000010000...]
Compiling architecture lut6_v of entity unisim.LUT6 [\LUT6(init="00000000000000000000...]
Compiling architecture lut3_v of entity unisim.LUT3 [\LUT3(init="00001101")(0,7)\]
Compiling architecture structure of entity xil_defaultlib.FP_DIVIDE_flt_div_exp [fp_divide_flt_div_exp_default]
Compiling architecture lut3_v of entity unisim.LUT3 [\LUT3(init="10010110")(0,7)\]
Compiling architecture structure of entity xil_defaultlib.FP_DIVIDE_carry_chain_49 [fp_divide_carry_chain_49_default]
Compiling architecture structure of entity xil_defaultlib.FP_DIVIDE_flt_div_mant_addsub [fp_divide_flt_div_mant_addsub_de...]
Compiling architecture structure of entity xil_defaultlib.FP_DIVIDE_carry_chain_48 [fp_divide_carry_chain_48_default]
Compiling architecture structure of entity xil_defaultlib.FP_DIVIDE_flt_div_mant_addsub_0 [fp_divide_flt_div_mant_addsub_0_...]
Compiling architecture structure of entity xil_defaultlib.FP_DIVIDE_carry_chain_47 [fp_divide_carry_chain_47_default]
Compiling architecture structure of entity xil_defaultlib.FP_DIVIDE_flt_div_mant_addsub_1 [fp_divide_flt_div_mant_addsub_1_...]
Compiling architecture structure of entity xil_defaultlib.FP_DIVIDE_carry_chain_46 [fp_divide_carry_chain_46_default]
Compiling architecture structure of entity xil_defaultlib.FP_DIVIDE_flt_div_mant_addsub_2 [fp_divide_flt_div_mant_addsub_2_...]
Compiling architecture structure of entity xil_defaultlib.FP_DIVIDE_carry_chain_45 [fp_divide_carry_chain_45_default]
Compiling architecture structure of entity xil_defaultlib.FP_DIVIDE_flt_div_mant_addsub_3 [fp_divide_flt_div_mant_addsub_3_...]
Compiling architecture structure of entity xil_defaultlib.FP_DIVIDE_carry_chain_44 [fp_divide_carry_chain_44_default]
Compiling architecture structure of entity xil_defaultlib.FP_DIVIDE_flt_div_mant_addsub_4 [fp_divide_flt_div_mant_addsub_4_...]
Compiling architecture structure of entity xil_defaultlib.FP_DIVIDE_carry_chain_43 [fp_divide_carry_chain_43_default]
Compiling architecture structure of entity xil_defaultlib.FP_DIVIDE_flt_div_mant_addsub_5 [fp_divide_flt_div_mant_addsub_5_...]
Compiling architecture structure of entity xil_defaultlib.FP_DIVIDE_carry_chain_42 [fp_divide_carry_chain_42_default]
Compiling architecture structure of entity xil_defaultlib.FP_DIVIDE_flt_div_mant_addsub_6 [fp_divide_flt_div_mant_addsub_6_...]
Compiling architecture structure of entity xil_defaultlib.FP_DIVIDE_carry_chain_41 [fp_divide_carry_chain_41_default]
Compiling architecture structure of entity xil_defaultlib.FP_DIVIDE_flt_div_mant_addsub_7 [fp_divide_flt_div_mant_addsub_7_...]
Compiling architecture structure of entity xil_defaultlib.FP_DIVIDE_carry_chain_40 [fp_divide_carry_chain_40_default]
Compiling architecture structure of entity xil_defaultlib.FP_DIVIDE_flt_div_mant_addsub_8 [fp_divide_flt_div_mant_addsub_8_...]
Compiling architecture structure of entity xil_defaultlib.FP_DIVIDE_carry_chain_39 [fp_divide_carry_chain_39_default]
Compiling architecture structure of entity xil_defaultlib.FP_DIVIDE_flt_div_mant_addsub_9 [fp_divide_flt_div_mant_addsub_9_...]
Compiling architecture structure of entity xil_defaultlib.FP_DIVIDE_carry_chain_38 [fp_divide_carry_chain_38_default]
Compiling architecture structure of entity xil_defaultlib.FP_DIVIDE_flt_div_mant_addsub_10 [fp_divide_flt_div_mant_addsub_10...]
Compiling architecture structure of entity xil_defaultlib.FP_DIVIDE_carry_chain_37 [fp_divide_carry_chain_37_default]
Compiling architecture structure of entity xil_defaultlib.FP_DIVIDE_flt_div_mant_addsub_11 [fp_divide_flt_div_mant_addsub_11...]
Compiling architecture structure of entity xil_defaultlib.FP_DIVIDE_carry_chain_36 [fp_divide_carry_chain_36_default]
Compiling architecture structure of entity xil_defaultlib.FP_DIVIDE_flt_div_mant_addsub_12 [fp_divide_flt_div_mant_addsub_12...]
Compiling architecture structure of entity xil_defaultlib.FP_DIVIDE_carry_chain_35 [fp_divide_carry_chain_35_default]
Compiling architecture structure of entity xil_defaultlib.FP_DIVIDE_flt_div_mant_addsub_13 [fp_divide_flt_div_mant_addsub_13...]
Compiling architecture structure of entity xil_defaultlib.FP_DIVIDE_carry_chain_34 [fp_divide_carry_chain_34_default]
Compiling architecture structure of entity xil_defaultlib.FP_DIVIDE_flt_div_mant_addsub_14 [fp_divide_flt_div_mant_addsub_14...]
Compiling architecture structure of entity xil_defaultlib.FP_DIVIDE_carry_chain_33 [fp_divide_carry_chain_33_default]
Compiling architecture structure of entity xil_defaultlib.FP_DIVIDE_flt_div_mant_addsub_15 [fp_divide_flt_div_mant_addsub_15...]
Compiling architecture structure of entity xil_defaultlib.FP_DIVIDE_carry_chain_32 [fp_divide_carry_chain_32_default]
Compiling architecture structure of entity xil_defaultlib.FP_DIVIDE_flt_div_mant_addsub_16 [fp_divide_flt_div_mant_addsub_16...]
Compiling architecture structure of entity xil_defaultlib.FP_DIVIDE_carry_chain_31 [fp_divide_carry_chain_31_default]
Compiling architecture structure of entity xil_defaultlib.FP_DIVIDE_flt_div_mant_addsub_17 [fp_divide_flt_div_mant_addsub_17...]
Compiling architecture structure of entity xil_defaultlib.FP_DIVIDE_carry_chain_30 [fp_divide_carry_chain_30_default]
Compiling architecture structure of entity xil_defaultlib.FP_DIVIDE_flt_div_mant_addsub_18 [fp_divide_flt_div_mant_addsub_18...]
Compiling architecture structure of entity xil_defaultlib.FP_DIVIDE_carry_chain_29 [fp_divide_carry_chain_29_default]
Compiling architecture structure of entity xil_defaultlib.FP_DIVIDE_flt_div_mant_addsub_19 [fp_divide_flt_div_mant_addsub_19...]
Compiling architecture structure of entity xil_defaultlib.FP_DIVIDE_carry_chain_28 [fp_divide_carry_chain_28_default]
Compiling architecture structure of entity xil_defaultlib.FP_DIVIDE_flt_div_mant_addsub_20 [fp_divide_flt_div_mant_addsub_20...]
Compiling architecture structure of entity xil_defaultlib.FP_DIVIDE_carry_chain_27 [fp_divide_carry_chain_27_default]
Compiling architecture structure of entity xil_defaultlib.FP_DIVIDE_flt_div_mant_addsub_21 [fp_divide_flt_div_mant_addsub_21...]
Compiling architecture structure of entity xil_defaultlib.FP_DIVIDE_carry_chain_26 [fp_divide_carry_chain_26_default]
Compiling architecture structure of entity xil_defaultlib.FP_DIVIDE_flt_div_mant_addsub_22 [fp_divide_flt_div_mant_addsub_22...]
Compiling architecture structure of entity xil_defaultlib.FP_DIVIDE_carry_chain_25 [fp_divide_carry_chain_25_default]
Compiling architecture structure of entity xil_defaultlib.FP_DIVIDE_flt_div_mant_addsub_23 [fp_divide_flt_div_mant_addsub_23...]
Compiling architecture structure of entity xil_defaultlib.FP_DIVIDE_carry_chain [fp_divide_carry_chain_default]
Compiling architecture structure of entity xil_defaultlib.FP_DIVIDE_flt_div_mant_addsub_24 [fp_divide_flt_div_mant_addsub_24...]
Compiling architecture structure of entity xil_defaultlib.FP_DIVIDE_flt_div_mant [fp_divide_flt_div_mant_default]
Compiling architecture lut5_v of entity unisim.LUT5 [\LUT5(init="00000000000000001000...]
Compiling architecture lut4_v of entity unisim.LUT4 [\LUT4(init="1111100010001000")(0...]
Compiling architecture lut5_v of entity unisim.LUT5 [\LUT5(init="00000000000000000000...]
Compiling architecture structure of entity xil_defaultlib.\FP_DIVIDE_xbip_pipe_v3_0_5_viv__parameterized29\ [\FP_DIVIDE_xbip_pipe_v3_0_5_viv_...]
Compiling architecture structure of entity xil_defaultlib.\FP_DIVIDE_delay__parameterized17\ [\FP_DIVIDE_delay__parameterized1...]
Compiling architecture lut5_v of entity unisim.LUT5 [\LUT5(init="11111111111111111111...]
Compiling architecture lut4_v of entity unisim.LUT4 [\LUT4(init="1111111110101110")(0...]
Compiling architecture lut6_v of entity unisim.LUT6 [\LUT6(init="00000000000000000000...]
Compiling architecture lut6_v of entity unisim.LUT6 [\LUT6(init="00000000000000000000...]
Compiling architecture structure of entity xil_defaultlib.FP_DIVIDE_flt_dec_op_lat [fp_divide_flt_dec_op_lat_default]
Compiling architecture structure of entity xil_defaultlib.\FP_DIVIDE_carry_chain__parameterized3\ [\FP_DIVIDE_carry_chain__paramete...]
Compiling architecture structure of entity xil_defaultlib.\FP_DIVIDE_carry_chain__parameterized1\ [\FP_DIVIDE_carry_chain__paramete...]
Compiling architecture structure of entity xil_defaultlib.\FP_DIVIDE_carry_chain__parameterized2\ [\FP_DIVIDE_carry_chain__paramete...]
Compiling architecture structure of entity xil_defaultlib.\FP_DIVIDE_carry_chain__parameterized0\ [\FP_DIVIDE_carry_chain__paramete...]
Compiling architecture structure of entity xil_defaultlib.FP_DIVIDE_flt_round_bit [fp_divide_flt_round_bit_default]
Compiling architecture structure of entity xil_defaultlib.FP_DIVIDE_renorm_and_round_logic [fp_divide_renorm_and_round_logic...]
Compiling architecture structure of entity xil_defaultlib.FP_DIVIDE_flt_div [fp_divide_flt_div_default]
Compiling architecture structure of entity xil_defaultlib.FP_DIVIDE_xbip_pipe_v3_0_5_viv [fp_divide_xbip_pipe_v3_0_5_viv_d...]
Compiling architecture structure of entity xil_defaultlib.FP_DIVIDE_floating_point_v7_1_7_viv [fp_divide_floating_point_v7_1_7_...]
Compiling architecture structure of entity xil_defaultlib.FP_DIVIDE_floating_point_v7_1_7 [fp_divide_floating_point_v7_1_7_...]
Compiling architecture structure of entity xil_defaultlib.FP_DIVIDE [fp_divide_default]
Compiling architecture ldce_v of entity unisim.LDCE [ldce_default]
Compiling architecture fdre_v of entity unisim.FDRE [\FDRE(init='1')\]
Compiling architecture lut6_v of entity unisim.LUT6 [\LUT6(init="11111111000000011111...]
Compiling architecture lut6_v of entity unisim.LUT6 [\LUT6(init="10111111111111111111...]
Compiling architecture lut6_v of entity unisim.LUT6 [\LUT6(init="11111110111111101111...]
Compiling architecture structure of entity xil_defaultlib.\FP_MULT_carry_chain__parameterized0_66\ [\FP_MULT_carry_chain__parameteri...]
Compiling architecture structure of entity xil_defaultlib.FP_MULT_compare_eq_im_65 [fp_mult_compare_eq_im_65_default]
Compiling architecture structure of entity xil_defaultlib.FP_MULT_special_detect [fp_mult_special_detect_default]
Compiling architecture lut6_v of entity unisim.LUT6 [\LUT6(init="00100000000000000000...]
Compiling architecture lut6_v of entity unisim.LUT6 [\LUT6(init="00000000000000000000...]
Compiling architecture lut6_v of entity unisim.LUT6 [\LUT6(init="10101010000000001010...]
Compiling architecture lut3_v of entity unisim.LUT3 [\LUT3(init="00101000")(0,7)\]
Compiling architecture lut6_v of entity unisim.LUT6 [\LUT6(init="11011100110111001101...]
Compiling architecture structure of entity xil_defaultlib.\FP_MULT_carry_chain__parameterized0\ [\FP_MULT_carry_chain__parameteri...]
Compiling architecture structure of entity xil_defaultlib.FP_MULT_compare_eq_im [fp_mult_compare_eq_im_default]
Compiling architecture structure of entity xil_defaultlib.FP_MULT_special_detect_64 [fp_mult_special_detect_64_defaul...]
Compiling architecture lut5_v of entity unisim.LUT5 [\LUT5(init="00000101000001010000...]
Compiling architecture lut6_v of entity unisim.LUT6 [\LUT6(init="11111111110111111111...]
Compiling architecture lut4_v of entity unisim.LUT4 [\LUT4(init="1000100010001010")(0...]
Compiling architecture lut6_v of entity unisim.LUT6 [\LUT6(init="11111111111101111111...]
Compiling architecture lut6_v of entity unisim.LUT6 [\LUT6(init="00010001000100010001...]
Compiling architecture lut6_v of entity unisim.LUT6 [\LUT6(init="00110000001100010011...]
Compiling architecture lut6_v of entity unisim.LUT6 [\LUT6(init="11111111111111111111...]
Compiling architecture lut2_v of entity unisim.LUT2 [\LUT2(init="0111")(0,3)\]
Compiling architecture lut4_v of entity unisim.LUT4 [\LUT4(init="1000000000000000")(0...]
Compiling architecture structure of entity xil_defaultlib.FP_MULT_carry_chain [fp_mult_carry_chain_default]
Compiling architecture structure of entity xil_defaultlib.FP_MULT_flt_mult_exp [fp_mult_flt_mult_exp_default]
Compiling architecture lut4_v of entity unisim.LUT4 [\LUT4(init="0000011111100000")(0...]
Compiling architecture structure of entity xil_defaultlib.FP_MULT_floating_point_v7_1_7_lutS_61 [fp_mult_floating_point_v7_1_7_lu...]
Compiling architecture lut4_v of entity unisim.LUT4 [\LUT4(init="0001100110011000")(0...]
Compiling architecture structure of entity xil_defaultlib.\FP_MULT_floating_point_v7_1_7_lutS__parameterized0_62\ [\FP_MULT_floating_point_v7_1_7_l...]
Compiling architecture lut4_v of entity unisim.LUT4 [\LUT4(init="1000000000000001")(0...]
Compiling architecture structure of entity xil_defaultlib.\FP_MULT_floating_point_v7_1_7_lutS__parameterized1_63\ [\FP_MULT_floating_point_v7_1_7_l...]
Compiling architecture structure of entity xil_defaultlib.FP_MULT_cntrlgen [fp_mult_cntrlgen_default]
Compiling architecture structure of entity xil_defaultlib.FP_MULT_floating_point_v7_1_7_lutS_58 [fp_mult_floating_point_v7_1_7_lu...]
Compiling architecture structure of entity xil_defaultlib.\FP_MULT_floating_point_v7_1_7_lutS__parameterized0_59\ [\FP_MULT_floating_point_v7_1_7_l...]
Compiling architecture structure of entity xil_defaultlib.\FP_MULT_floating_point_v7_1_7_lutS__parameterized1_60\ [\FP_MULT_floating_point_v7_1_7_l...]
Compiling architecture structure of entity xil_defaultlib.FP_MULT_cntrlgen_0 [fp_mult_cntrlgen_0_default]
Compiling architecture structure of entity xil_defaultlib.FP_MULT_floating_point_v7_1_7_lutS_55 [fp_mult_floating_point_v7_1_7_lu...]
Compiling architecture structure of entity xil_defaultlib.\FP_MULT_floating_point_v7_1_7_lutS__parameterized0_56\ [\FP_MULT_floating_point_v7_1_7_l...]
Compiling architecture structure of entity xil_defaultlib.\FP_MULT_floating_point_v7_1_7_lutS__parameterized1_57\ [\FP_MULT_floating_point_v7_1_7_l...]
Compiling architecture structure of entity xil_defaultlib.FP_MULT_cntrlgen_1 [fp_mult_cntrlgen_1_default]
Compiling architecture structure of entity xil_defaultlib.FP_MULT_floating_point_v7_1_7_lutS_52 [fp_mult_floating_point_v7_1_7_lu...]
Compiling architecture structure of entity xil_defaultlib.\FP_MULT_floating_point_v7_1_7_lutS__parameterized0_53\ [\FP_MULT_floating_point_v7_1_7_l...]
Compiling architecture structure of entity xil_defaultlib.\FP_MULT_floating_point_v7_1_7_lutS__parameterized1_54\ [\FP_MULT_floating_point_v7_1_7_l...]
Compiling architecture structure of entity xil_defaultlib.FP_MULT_cntrlgen_2 [fp_mult_cntrlgen_2_default]
Compiling architecture structure of entity xil_defaultlib.FP_MULT_floating_point_v7_1_7_lutS_49 [fp_mult_floating_point_v7_1_7_lu...]
Compiling architecture structure of entity xil_defaultlib.\FP_MULT_floating_point_v7_1_7_lutS__parameterized0_50\ [\FP_MULT_floating_point_v7_1_7_l...]
Compiling architecture structure of entity xil_defaultlib.\FP_MULT_floating_point_v7_1_7_lutS__parameterized1_51\ [\FP_MULT_floating_point_v7_1_7_l...]
Compiling architecture structure of entity xil_defaultlib.FP_MULT_cntrlgen_3 [fp_mult_cntrlgen_3_default]
Compiling architecture structure of entity xil_defaultlib.FP_MULT_floating_point_v7_1_7_lutS_46 [fp_mult_floating_point_v7_1_7_lu...]
Compiling architecture structure of entity xil_defaultlib.\FP_MULT_floating_point_v7_1_7_lutS__parameterized0_47\ [\FP_MULT_floating_point_v7_1_7_l...]
Compiling architecture structure of entity xil_defaultlib.\FP_MULT_floating_point_v7_1_7_lutS__parameterized1_48\ [\FP_MULT_floating_point_v7_1_7_l...]
Compiling architecture structure of entity xil_defaultlib.FP_MULT_cntrlgen_4 [fp_mult_cntrlgen_4_default]
Compiling architecture structure of entity xil_defaultlib.FP_MULT_floating_point_v7_1_7_lutS_43 [fp_mult_floating_point_v7_1_7_lu...]
Compiling architecture structure of entity xil_defaultlib.\FP_MULT_floating_point_v7_1_7_lutS__parameterized0_44\ [\FP_MULT_floating_point_v7_1_7_l...]
Compiling architecture structure of entity xil_defaultlib.\FP_MULT_floating_point_v7_1_7_lutS__parameterized1_45\ [\FP_MULT_floating_point_v7_1_7_l...]
Compiling architecture structure of entity xil_defaultlib.FP_MULT_cntrlgen_5 [fp_mult_cntrlgen_5_default]
Compiling architecture structure of entity xil_defaultlib.FP_MULT_floating_point_v7_1_7_lutS_40 [fp_mult_floating_point_v7_1_7_lu...]
Compiling architecture structure of entity xil_defaultlib.\FP_MULT_floating_point_v7_1_7_lutS__parameterized0_41\ [\FP_MULT_floating_point_v7_1_7_l...]
Compiling architecture structure of entity xil_defaultlib.\FP_MULT_floating_point_v7_1_7_lutS__parameterized1_42\ [\FP_MULT_floating_point_v7_1_7_l...]
Compiling architecture structure of entity xil_defaultlib.FP_MULT_cntrlgen_6 [fp_mult_cntrlgen_6_default]
Compiling architecture structure of entity xil_defaultlib.FP_MULT_floating_point_v7_1_7_lutS [fp_mult_floating_point_v7_1_7_lu...]
Compiling architecture structure of entity xil_defaultlib.\FP_MULT_floating_point_v7_1_7_lutS__parameterized0\ [\FP_MULT_floating_point_v7_1_7_l...]
Compiling architecture structure of entity xil_defaultlib.\FP_MULT_floating_point_v7_1_7_lutS__parameterized1\ [\FP_MULT_floating_point_v7_1_7_l...]
Compiling architecture structure of entity xil_defaultlib.FP_MULT_cntrlgen_7 [fp_mult_cntrlgen_7_default]
Compiling architecture lut3_v of entity unisim.LUT3 [\LUT3(init="11111011")(0,7)\]
Compiling architecture lut5_v of entity unisim.LUT5 [\LUT5(init="00000011001000111111...]
Compiling architecture structure of entity xil_defaultlib.\FP_MULT_addSubW__parameterized6\ [\FP_MULT_addSubW__parameterized6...]
Compiling architecture structure of entity xil_defaultlib.FP_MULT_lutN [fp_mult_lutn_default]
Compiling architecture structure of entity xil_defaultlib.FP_MULT_lutNMuxS [fp_mult_lutnmuxs_default]
Compiling architecture structure of entity xil_defaultlib.\FP_MULT_lutV__parameterized1_37\ [\FP_MULT_lutV__parameterized1_37...]
Compiling architecture structure of entity xil_defaultlib.\FP_MULT_lutV__parameterized1_38\ [\FP_MULT_lutV__parameterized1_38...]
Compiling architecture structure of entity xil_defaultlib.\FP_MULT_lutV__parameterized3_39\ [\FP_MULT_lutV__parameterized3_39...]
Compiling architecture structure of entity xil_defaultlib.\FP_MULT_andW__parameterized4\ [\FP_MULT_andW__parameterized4_de...]
Compiling architecture structure of entity xil_defaultlib.FP_MULT_addSubShFW [fp_mult_addsubshfw_default]
Compiling architecture structure of entity xil_defaultlib.FP_MULT_addSubW_34 [fp_mult_addsubw_34_default]
Compiling architecture lut3_v of entity unisim.LUT3 [\LUT3(init="00000001")(0,7)\]
Compiling architecture structure of entity xil_defaultlib.FP_MULT_lutV_36 [fp_mult_lutv_36_default]
Compiling architecture structure of entity xil_defaultlib.FP_MULT_andW_35 [fp_mult_andw_35_default]
Compiling architecture structure of entity xil_defaultlib.FP_MULT_addSubShGW [fp_mult_addsubshgw_default]
Compiling architecture structure of entity xil_defaultlib.\FP_MULT_floating_point_v7_1_7_lutS__parameterized2\ [\FP_MULT_floating_point_v7_1_7_l...]
Compiling architecture structure of entity xil_defaultlib.FP_MULT_addSubW_33 [fp_mult_addsubw_33_default]
Compiling architecture structure of entity xil_defaultlib.\FP_MULT_addSubShGW__parameterized1\ [\FP_MULT_addSubShGW__parameteriz...]
Compiling architecture structure of entity xil_defaultlib.\FP_MULT_floating_point_v7_1_7_lutS__parameterized2_8\ [\FP_MULT_floating_point_v7_1_7_l...]
Compiling architecture structure of entity xil_defaultlib.FP_MULT_addSubW_32 [fp_mult_addsubw_32_default]
Compiling architecture structure of entity xil_defaultlib.\FP_MULT_addSubShGW__parameterized1_9\ [\FP_MULT_addSubShGW__parameteriz...]
Compiling architecture structure of entity xil_defaultlib.\FP_MULT_floating_point_v7_1_7_lutS__parameterized2_10\ [\FP_MULT_floating_point_v7_1_7_l...]
Compiling architecture structure of entity xil_defaultlib.FP_MULT_addSubW [fp_mult_addsubw_default]
Compiling architecture structure of entity xil_defaultlib.\FP_MULT_addSubShGW__parameterized1_11\ [\FP_MULT_addSubShGW__parameteriz...]
Compiling architecture structure of entity xil_defaultlib.\FP_MULT_floating_point_v7_1_7_lutS__parameterized2_12\ [\FP_MULT_floating_point_v7_1_7_l...]
Compiling architecture structure of entity xil_defaultlib.\FP_MULT_addSubW__parameterized2_31\ [\FP_MULT_addSubW__parameterized2...]
Compiling architecture structure of entity xil_defaultlib.FP_MULT_lutV [fp_mult_lutv_default]
Compiling architecture structure of entity xil_defaultlib.FP_MULT_andW [fp_mult_andw_default]
Compiling architecture structure of entity xil_defaultlib.\FP_MULT_addSubShGW__parameterized3\ [\FP_MULT_addSubShGW__parameteriz...]
Compiling architecture structure of entity xil_defaultlib.\FP_MULT_floating_point_v7_1_7_lutS__parameterized2_13\ [\FP_MULT_floating_point_v7_1_7_l...]
Compiling architecture structure of entity xil_defaultlib.\FP_MULT_addSubW__parameterized2\ [\FP_MULT_addSubW__parameterized2...]
Compiling architecture structure of entity xil_defaultlib.\FP_MULT_addSubShGW__parameterized5\ [\FP_MULT_addSubShGW__parameteriz...]
Compiling architecture structure of entity xil_defaultlib.\FP_MULT_floating_point_v7_1_7_lutS__parameterized2_14\ [\FP_MULT_floating_point_v7_1_7_l...]
Compiling architecture structure of entity xil_defaultlib.\FP_MULT_addSubW__parameterized4\ [\FP_MULT_addSubW__parameterized4...]
Compiling architecture structure of entity xil_defaultlib.\FP_MULT_lutV__parameterized1\ [\FP_MULT_lutV__parameterized1_de...]
Compiling architecture structure of entity xil_defaultlib.\FP_MULT_lutV__parameterized3\ [\FP_MULT_lutV__parameterized3_de...]
Compiling architecture structure of entity xil_defaultlib.\FP_MULT_andW__parameterized2\ [\FP_MULT_andW__parameterized2_de...]
Compiling architecture structure of entity xil_defaultlib.\FP_MULT_addSubShGW__parameterized7\ [\FP_MULT_addSubShGW__parameteriz...]
Compiling architecture structure of entity xil_defaultlib.\FP_MULT_floating_point_v7_1_7_lutS__parameterized2_15\ [\FP_MULT_floating_point_v7_1_7_l...]
Compiling architecture lut4_v of entity unisim.LUT4 [\LUT4(init="0100010001111000")(0...]
Compiling architecture structure of entity xil_defaultlib.FP_MULT_fdgW_30 [fp_mult_fdgw_30_default]
Compiling architecture structure of entity xil_defaultlib.FP_MULT_ppGenR8 [fp_mult_ppgenr8_default]
Compiling architecture structure of entity xil_defaultlib.FP_MULT_fdgW_29 [fp_mult_fdgw_29_default]
Compiling architecture structure of entity xil_defaultlib.FP_MULT_ppGenR8_16 [fp_mult_ppgenr8_16_default]
Compiling architecture structure of entity xil_defaultlib.FP_MULT_fdgW_28 [fp_mult_fdgw_28_default]
Compiling architecture structure of entity xil_defaultlib.FP_MULT_ppGenR8_17 [fp_mult_ppgenr8_17_default]
Compiling architecture structure of entity xil_defaultlib.FP_MULT_fdgW_27 [fp_mult_fdgw_27_default]
Compiling architecture structure of entity xil_defaultlib.FP_MULT_ppGenR8_18 [fp_mult_ppgenr8_18_default]
Compiling architecture structure of entity xil_defaultlib.FP_MULT_fdgW_26 [fp_mult_fdgw_26_default]
Compiling architecture structure of entity xil_defaultlib.FP_MULT_ppGenR8_19 [fp_mult_ppgenr8_19_default]
Compiling architecture structure of entity xil_defaultlib.FP_MULT_fdgW_25 [fp_mult_fdgw_25_default]
Compiling architecture structure of entity xil_defaultlib.FP_MULT_ppGenR8_20 [fp_mult_ppgenr8_20_default]
Compiling architecture structure of entity xil_defaultlib.FP_MULT_fdgW_24 [fp_mult_fdgw_24_default]
Compiling architecture structure of entity xil_defaultlib.FP_MULT_ppGenR8_21 [fp_mult_ppgenr8_21_default]
Compiling architecture structure of entity xil_defaultlib.FP_MULT_fdgW_23 [fp_mult_fdgw_23_default]
Compiling architecture structure of entity xil_defaultlib.FP_MULT_ppGenR8_22 [fp_mult_ppgenr8_22_default]
Compiling architecture structure of entity xil_defaultlib.FP_MULT_fdgW [fp_mult_fdgw_default]
Compiling architecture structure of entity xil_defaultlib.\FP_MULT_ppGenR8__parameterized2\ [\FP_MULT_ppGenR8__parameterized2...]
Compiling architecture structure of entity xil_defaultlib.FP_MULT_vmsMultCore [fp_mult_vmsmultcore_default]
Compiling architecture structure of entity xil_defaultlib.FP_MULT_xMult [fp_mult_xmult_default]
Compiling architecture structure of entity xil_defaultlib.FP_MULT_fix_mult_qq [fp_mult_fix_mult_qq_default]
Compiling architecture structure of entity xil_defaultlib.FP_MULT_fix_mult [fp_mult_fix_mult_default]
Compiling architecture lut4_v of entity unisim.LUT4 [\LUT4(init="1110111111111111")(0...]
Compiling architecture structure of entity xil_defaultlib.FP_MULT_flt_dec_op_lat [fp_mult_flt_dec_op_lat_default]
Compiling architecture structure of entity xil_defaultlib.\FP_MULT_carry_chain__parameterized4\ [\FP_MULT_carry_chain__parameteri...]
Compiling architecture structure of entity xil_defaultlib.\FP_MULT_carry_chain__parameterized2\ [\FP_MULT_carry_chain__parameteri...]
Compiling architecture structure of entity xil_defaultlib.\FP_MULT_carry_chain__parameterized3\ [\FP_MULT_carry_chain__parameteri...]
Compiling architecture structure of entity xil_defaultlib.\FP_MULT_carry_chain__parameterized1\ [\FP_MULT_carry_chain__parameteri...]
Compiling architecture structure of entity xil_defaultlib.FP_MULT_flt_round_bit [fp_mult_flt_round_bit_default]
Compiling architecture structure of entity xil_defaultlib.FP_MULT_renorm_and_round_logic [fp_mult_renorm_and_round_logic_d...]
Compiling architecture structure of entity xil_defaultlib.FP_MULT_flt_mult_round [fp_mult_flt_mult_round_default]
Compiling architecture structure of entity xil_defaultlib.FP_MULT_flt_mult [fp_mult_flt_mult_default]
Compiling architecture structure of entity xil_defaultlib.FP_MULT_xbip_pipe_v3_0_5_viv [fp_mult_xbip_pipe_v3_0_5_viv_def...]
Compiling architecture structure of entity xil_defaultlib.FP_MULT_floating_point_v7_1_7_viv [fp_mult_floating_point_v7_1_7_vi...]
Compiling architecture structure of entity xil_defaultlib.FP_MULT_floating_point_v7_1_7 [fp_mult_floating_point_v7_1_7_de...]
Compiling architecture structure of entity xil_defaultlib.FP_MULT [fp_mult_default]
Compiling architecture fdse_v of entity unisim.FDSE [fdse_default]
Compiling architecture structure of entity xil_defaultlib.reg_0 [reg_0_default]
Compiling architecture ibuf_v of entity unisim.IBUF [\IBUF(1,9)(1,1)(1,4)(1,7)\]
Compiling architecture obuf_v of entity unisim.OBUF [\OBUF(1,9)(1,7)(1,4)\]
Compiling architecture structure of entity xil_defaultlib.reg_1 [reg_1_default]
Compiling architecture bufg_v of entity unisim.BUFG [bufg_default]
Compiling architecture structure of entity xil_defaultlib.internal_cell [internal_cell_default]
Compiling architecture behavioral of entity xil_defaultlib.internal_cell_tb
Built simulation snapshot internal_cell_TB_func_synth
