INFO: [VRFC 10-163] Analyzing VHDL file "D:/Vivado_Projects/MSGR/MSGR.sim/sim_1/synth/func/xsim/internal_cell_TB_func_synth.vhd" into library xil_defaultlib
INFO: [VRFC 10-3107] analyzing entity 'reg'
INFO: [VRFC 10-3107] analyzing entity 'reg_0'
INFO: [VRFC 10-3107] analyzing entity 'reg_1'
INFO: [VRFC 10-3107] analyzing entity 'FP_ADDER_carry_chain'
INFO: [VRFC 10-3107] analyzing entity 'FP_ADDER_carry_chain_3'
INFO: [VRFC 10-3107] analyzing entity '\FP_ADDER_carry_chain__parameterized0\'
INFO: [VRFC 10-3107] analyzing entity '\FP_ADDER_carry_chain__parameterized0_0\'
INFO: [VRFC 10-3107] analyzing entity '\FP_ADDER_carry_chain__parameterized1\'
INFO: [VRFC 10-3107] analyzing entity '\FP_ADDER_carry_chain__parameterized10\'
INFO: [VRFC 10-3107] analyzing entity '\FP_ADDER_carry_chain__parameterized2\'
INFO: [VRFC 10-3107] analyzing entity '\FP_ADDER_carry_chain__parameterized3\'
INFO: [VRFC 10-3107] analyzing entity '\FP_ADDER_carry_chain__parameterized4\'
INFO: [VRFC 10-3107] analyzing entity '\FP_ADDER_carry_chain__parameterized5\'
INFO: [VRFC 10-3107] analyzing entity '\FP_ADDER_carry_chain__parameterized6\'
INFO: [VRFC 10-3107] analyzing entity '\FP_ADDER_carry_chain__parameterized7\'
INFO: [VRFC 10-3107] analyzing entity '\FP_ADDER_carry_chain__parameterized8\'
INFO: [VRFC 10-3107] analyzing entity '\FP_ADDER_carry_chain__parameterized9\'
INFO: [VRFC 10-3107] analyzing entity 'FP_ADDER_flt_dec_op_lat'
INFO: [VRFC 10-3107] analyzing entity 'FP_ADDER_xbip_pipe_v3_0_5_viv'
INFO: [VRFC 10-3107] analyzing entity 'FP_DIVIDE_carry_chain'
INFO: [VRFC 10-3107] analyzing entity 'FP_DIVIDE_carry_chain_25'
INFO: [VRFC 10-3107] analyzing entity 'FP_DIVIDE_carry_chain_26'
INFO: [VRFC 10-3107] analyzing entity 'FP_DIVIDE_carry_chain_27'
INFO: [VRFC 10-3107] analyzing entity 'FP_DIVIDE_carry_chain_28'
INFO: [VRFC 10-3107] analyzing entity 'FP_DIVIDE_carry_chain_29'
INFO: [VRFC 10-3107] analyzing entity 'FP_DIVIDE_carry_chain_30'
INFO: [VRFC 10-3107] analyzing entity 'FP_DIVIDE_carry_chain_31'
INFO: [VRFC 10-3107] analyzing entity 'FP_DIVIDE_carry_chain_32'
INFO: [VRFC 10-3107] analyzing entity 'FP_DIVIDE_carry_chain_33'
INFO: [VRFC 10-3107] analyzing entity 'FP_DIVIDE_carry_chain_34'
INFO: [VRFC 10-3107] analyzing entity 'FP_DIVIDE_carry_chain_35'
INFO: [VRFC 10-3107] analyzing entity 'FP_DIVIDE_carry_chain_36'
INFO: [VRFC 10-3107] analyzing entity 'FP_DIVIDE_carry_chain_37'
INFO: [VRFC 10-3107] analyzing entity 'FP_DIVIDE_carry_chain_38'
INFO: [VRFC 10-3107] analyzing entity 'FP_DIVIDE_carry_chain_39'
INFO: [VRFC 10-3107] analyzing entity 'FP_DIVIDE_carry_chain_40'
INFO: [VRFC 10-3107] analyzing entity 'FP_DIVIDE_carry_chain_41'
INFO: [VRFC 10-3107] analyzing entity 'FP_DIVIDE_carry_chain_42'
INFO: [VRFC 10-3107] analyzing entity 'FP_DIVIDE_carry_chain_43'
INFO: [VRFC 10-3107] analyzing entity 'FP_DIVIDE_carry_chain_44'
INFO: [VRFC 10-3107] analyzing entity 'FP_DIVIDE_carry_chain_45'
INFO: [VRFC 10-3107] analyzing entity 'FP_DIVIDE_carry_chain_46'
INFO: [VRFC 10-3107] analyzing entity 'FP_DIVIDE_carry_chain_47'
INFO: [VRFC 10-3107] analyzing entity 'FP_DIVIDE_carry_chain_48'
INFO: [VRFC 10-3107] analyzing entity 'FP_DIVIDE_carry_chain_49'
INFO: [VRFC 10-3107] analyzing entity '\FP_DIVIDE_carry_chain__parameterized0\'
INFO: [VRFC 10-3107] analyzing entity '\FP_DIVIDE_carry_chain__parameterized1\'
INFO: [VRFC 10-3107] analyzing entity '\FP_DIVIDE_carry_chain__parameterized2\'
INFO: [VRFC 10-3107] analyzing entity '\FP_DIVIDE_carry_chain__parameterized3\'
INFO: [VRFC 10-3107] analyzing entity 'FP_DIVIDE_flt_div_exp'
INFO: [VRFC 10-3107] analyzing entity 'FP_DIVIDE_xbip_pipe_v3_0_5_viv'
INFO: [VRFC 10-3107] analyzing entity '\FP_DIVIDE_xbip_pipe_v3_0_5_viv__parameterized29\'
INFO: [VRFC 10-3107] analyzing entity 'FP_MULT_addSubW'
INFO: [VRFC 10-3107] analyzing entity 'FP_MULT_addSubW_32'
INFO: [VRFC 10-3107] analyzing entity 'FP_MULT_addSubW_33'
INFO: [VRFC 10-3107] analyzing entity 'FP_MULT_addSubW_34'
INFO: [VRFC 10-3107] analyzing entity '\FP_MULT_addSubW__parameterized2\'
INFO: [VRFC 10-3107] analyzing entity '\FP_MULT_addSubW__parameterized2_31\'
INFO: [VRFC 10-3107] analyzing entity '\FP_MULT_addSubW__parameterized4\'
INFO: [VRFC 10-3107] analyzing entity '\FP_MULT_addSubW__parameterized6\'
INFO: [VRFC 10-3107] analyzing entity 'FP_MULT_carry_chain'
INFO: [VRFC 10-3107] analyzing entity '\FP_MULT_carry_chain__parameterized0\'
INFO: [VRFC 10-3107] analyzing entity '\FP_MULT_carry_chain__parameterized0_66\'
INFO: [VRFC 10-3107] analyzing entity '\FP_MULT_carry_chain__parameterized1\'
INFO: [VRFC 10-3107] analyzing entity '\FP_MULT_carry_chain__parameterized2\'
INFO: [VRFC 10-3107] analyzing entity '\FP_MULT_carry_chain__parameterized3\'
INFO: [VRFC 10-3107] analyzing entity '\FP_MULT_carry_chain__parameterized4\'
INFO: [VRFC 10-3107] analyzing entity 'FP_MULT_fdgW'
INFO: [VRFC 10-3107] analyzing entity 'FP_MULT_fdgW_23'
INFO: [VRFC 10-3107] analyzing entity 'FP_MULT_fdgW_24'
INFO: [VRFC 10-3107] analyzing entity 'FP_MULT_fdgW_25'
INFO: [VRFC 10-3107] analyzing entity 'FP_MULT_fdgW_26'
INFO: [VRFC 10-3107] analyzing entity 'FP_MULT_fdgW_27'
INFO: [VRFC 10-3107] analyzing entity 'FP_MULT_fdgW_28'
INFO: [VRFC 10-3107] analyzing entity 'FP_MULT_fdgW_29'
INFO: [VRFC 10-3107] analyzing entity 'FP_MULT_fdgW_30'
INFO: [VRFC 10-3107] analyzing entity 'FP_MULT_floating_point_v7_1_7_lutS'
INFO: [VRFC 10-3107] analyzing entity 'FP_MULT_floating_point_v7_1_7_lutS_40'
INFO: [VRFC 10-3107] analyzing entity 'FP_MULT_floating_point_v7_1_7_lutS_43'
INFO: [VRFC 10-3107] analyzing entity 'FP_MULT_floating_point_v7_1_7_lutS_46'
INFO: [VRFC 10-3107] analyzing entity 'FP_MULT_floating_point_v7_1_7_lutS_49'
INFO: [VRFC 10-3107] analyzing entity 'FP_MULT_floating_point_v7_1_7_lutS_52'
INFO: [VRFC 10-3107] analyzing entity 'FP_MULT_floating_point_v7_1_7_lutS_55'
INFO: [VRFC 10-3107] analyzing entity 'FP_MULT_floating_point_v7_1_7_lutS_58'
INFO: [VRFC 10-3107] analyzing entity 'FP_MULT_floating_point_v7_1_7_lutS_61'
INFO: [VRFC 10-3107] analyzing entity '\FP_MULT_floating_point_v7_1_7_lutS__parameterized0\'
INFO: [VRFC 10-3107] analyzing entity '\FP_MULT_floating_point_v7_1_7_lutS__parameterized0_41\'
INFO: [VRFC 10-3107] analyzing entity '\FP_MULT_floating_point_v7_1_7_lutS__parameterized0_44\'
INFO: [VRFC 10-3107] analyzing entity '\FP_MULT_floating_point_v7_1_7_lutS__parameterized0_47\'
INFO: [VRFC 10-3107] analyzing entity '\FP_MULT_floating_point_v7_1_7_lutS__parameterized0_50\'
INFO: [VRFC 10-3107] analyzing entity '\FP_MULT_floating_point_v7_1_7_lutS__parameterized0_53\'
INFO: [VRFC 10-3107] analyzing entity '\FP_MULT_floating_point_v7_1_7_lutS__parameterized0_56\'
INFO: [VRFC 10-3107] analyzing entity '\FP_MULT_floating_point_v7_1_7_lutS__parameterized0_59\'
INFO: [VRFC 10-3107] analyzing entity '\FP_MULT_floating_point_v7_1_7_lutS__parameterized0_62\'
INFO: [VRFC 10-3107] analyzing entity '\FP_MULT_floating_point_v7_1_7_lutS__parameterized1\'
INFO: [VRFC 10-3107] analyzing entity '\FP_MULT_floating_point_v7_1_7_lutS__parameterized1_42\'
INFO: [VRFC 10-3107] analyzing entity '\FP_MULT_floating_point_v7_1_7_lutS__parameterized1_45\'
INFO: [VRFC 10-3107] analyzing entity '\FP_MULT_floating_point_v7_1_7_lutS__parameterized1_48\'
INFO: [VRFC 10-3107] analyzing entity '\FP_MULT_floating_point_v7_1_7_lutS__parameterized1_51\'
INFO: [VRFC 10-3107] analyzing entity '\FP_MULT_floating_point_v7_1_7_lutS__parameterized1_54\'
INFO: [VRFC 10-3107] analyzing entity '\FP_MULT_floating_point_v7_1_7_lutS__parameterized1_57\'
INFO: [VRFC 10-3107] analyzing entity '\FP_MULT_floating_point_v7_1_7_lutS__parameterized1_60\'
INFO: [VRFC 10-3107] analyzing entity '\FP_MULT_floating_point_v7_1_7_lutS__parameterized1_63\'
INFO: [VRFC 10-3107] analyzing entity '\FP_MULT_floating_point_v7_1_7_lutS__parameterized2\'
INFO: [VRFC 10-3107] analyzing entity '\FP_MULT_floating_point_v7_1_7_lutS__parameterized2_10\'
INFO: [VRFC 10-3107] analyzing entity '\FP_MULT_floating_point_v7_1_7_lutS__parameterized2_12\'
INFO: [VRFC 10-3107] analyzing entity '\FP_MULT_floating_point_v7_1_7_lutS__parameterized2_13\'
INFO: [VRFC 10-3107] analyzing entity '\FP_MULT_floating_point_v7_1_7_lutS__parameterized2_14\'
INFO: [VRFC 10-3107] analyzing entity '\FP_MULT_floating_point_v7_1_7_lutS__parameterized2_15\'
INFO: [VRFC 10-3107] analyzing entity '\FP_MULT_floating_point_v7_1_7_lutS__parameterized2_8\'
INFO: [VRFC 10-3107] analyzing entity 'FP_MULT_flt_dec_op_lat'
INFO: [VRFC 10-3107] analyzing entity 'FP_MULT_lutN'
INFO: [VRFC 10-3107] analyzing entity 'FP_MULT_lutV'
INFO: [VRFC 10-3107] analyzing entity 'FP_MULT_lutV_36'
INFO: [VRFC 10-3107] analyzing entity '\FP_MULT_lutV__parameterized1\'
INFO: [VRFC 10-3107] analyzing entity '\FP_MULT_lutV__parameterized1_37\'
INFO: [VRFC 10-3107] analyzing entity '\FP_MULT_lutV__parameterized1_38\'
INFO: [VRFC 10-3107] analyzing entity '\FP_MULT_lutV__parameterized3\'
INFO: [VRFC 10-3107] analyzing entity '\FP_MULT_lutV__parameterized3_39\'
INFO: [VRFC 10-3107] analyzing entity 'FP_MULT_xbip_pipe_v3_0_5_viv'
INFO: [VRFC 10-3107] analyzing entity 'FP_ADDER_addsub_logic'
INFO: [VRFC 10-3107] analyzing entity 'FP_ADDER_compare_eq_im'
INFO: [VRFC 10-3107] analyzing entity 'FP_ADDER_compare_eq_im_2'
INFO: [VRFC 10-3107] analyzing entity '\FP_ADDER_compare_eq_im__parameterized0\'
INFO: [VRFC 10-3107] analyzing entity 'FP_ADDER_flt_round_bit'
INFO: [VRFC 10-3107] analyzing entity 'FP_ADDER_lead_zero_encode'
INFO: [VRFC 10-3107] analyzing entity '\FP_DIVIDE_delay__parameterized17\'
INFO: [VRFC 10-3107] analyzing entity 'FP_DIVIDE_flt_div_mant_addsub'
INFO: [VRFC 10-3107] analyzing entity 'FP_DIVIDE_flt_div_mant_addsub_0'
INFO: [VRFC 10-3107] analyzing entity 'FP_DIVIDE_flt_div_mant_addsub_1'
INFO: [VRFC 10-3107] analyzing entity 'FP_DIVIDE_flt_div_mant_addsub_10'
INFO: [VRFC 10-3107] analyzing entity 'FP_DIVIDE_flt_div_mant_addsub_11'
INFO: [VRFC 10-3107] analyzing entity 'FP_DIVIDE_flt_div_mant_addsub_12'
INFO: [VRFC 10-3107] analyzing entity 'FP_DIVIDE_flt_div_mant_addsub_13'
INFO: [VRFC 10-3107] analyzing entity 'FP_DIVIDE_flt_div_mant_addsub_14'
INFO: [VRFC 10-3107] analyzing entity 'FP_DIVIDE_flt_div_mant_addsub_15'
INFO: [VRFC 10-3107] analyzing entity 'FP_DIVIDE_flt_div_mant_addsub_16'
INFO: [VRFC 10-3107] analyzing entity 'FP_DIVIDE_flt_div_mant_addsub_17'
INFO: [VRFC 10-3107] analyzing entity 'FP_DIVIDE_flt_div_mant_addsub_18'
INFO: [VRFC 10-3107] analyzing entity 'FP_DIVIDE_flt_div_mant_addsub_19'
INFO: [VRFC 10-3107] analyzing entity 'FP_DIVIDE_flt_div_mant_addsub_2'
INFO: [VRFC 10-3107] analyzing entity 'FP_DIVIDE_flt_div_mant_addsub_20'
INFO: [VRFC 10-3107] analyzing entity 'FP_DIVIDE_flt_div_mant_addsub_21'
INFO: [VRFC 10-3107] analyzing entity 'FP_DIVIDE_flt_div_mant_addsub_22'
INFO: [VRFC 10-3107] analyzing entity 'FP_DIVIDE_flt_div_mant_addsub_23'
INFO: [VRFC 10-3107] analyzing entity 'FP_DIVIDE_flt_div_mant_addsub_24'
INFO: [VRFC 10-3107] analyzing entity 'FP_DIVIDE_flt_div_mant_addsub_3'
INFO: [VRFC 10-3107] analyzing entity 'FP_DIVIDE_flt_div_mant_addsub_4'
INFO: [VRFC 10-3107] analyzing entity 'FP_DIVIDE_flt_div_mant_addsub_5'
INFO: [VRFC 10-3107] analyzing entity 'FP_DIVIDE_flt_div_mant_addsub_6'
INFO: [VRFC 10-3107] analyzing entity 'FP_DIVIDE_flt_div_mant_addsub_7'
INFO: [VRFC 10-3107] analyzing entity 'FP_DIVIDE_flt_div_mant_addsub_8'
INFO: [VRFC 10-3107] analyzing entity 'FP_DIVIDE_flt_div_mant_addsub_9'
INFO: [VRFC 10-3107] analyzing entity 'FP_DIVIDE_flt_round_bit'
INFO: [VRFC 10-3107] analyzing entity '\FP_MULT_addSubShGW__parameterized1\'
INFO: [VRFC 10-3107] analyzing entity '\FP_MULT_addSubShGW__parameterized1_11\'
INFO: [VRFC 10-3107] analyzing entity '\FP_MULT_addSubShGW__parameterized1_9\'
INFO: [VRFC 10-3107] analyzing entity '\FP_MULT_addSubShGW__parameterized5\'
INFO: [VRFC 10-3107] analyzing entity 'FP_MULT_andW'
INFO: [VRFC 10-3107] analyzing entity 'FP_MULT_andW_35'
INFO: [VRFC 10-3107] analyzing entity '\FP_MULT_andW__parameterized2\'
INFO: [VRFC 10-3107] analyzing entity '\FP_MULT_andW__parameterized4\'
INFO: [VRFC 10-3107] analyzing entity 'FP_MULT_cntrlgen'
INFO: [VRFC 10-3107] analyzing entity 'FP_MULT_cntrlgen_0'
INFO: [VRFC 10-3107] analyzing entity 'FP_MULT_cntrlgen_1'
INFO: [VRFC 10-3107] analyzing entity 'FP_MULT_cntrlgen_2'
INFO: [VRFC 10-3107] analyzing entity 'FP_MULT_cntrlgen_3'
INFO: [VRFC 10-3107] analyzing entity 'FP_MULT_cntrlgen_4'
INFO: [VRFC 10-3107] analyzing entity 'FP_MULT_cntrlgen_5'
INFO: [VRFC 10-3107] analyzing entity 'FP_MULT_cntrlgen_6'
INFO: [VRFC 10-3107] analyzing entity 'FP_MULT_cntrlgen_7'
INFO: [VRFC 10-3107] analyzing entity 'FP_MULT_compare_eq_im'
INFO: [VRFC 10-3107] analyzing entity 'FP_MULT_compare_eq_im_65'
INFO: [VRFC 10-3107] analyzing entity 'FP_MULT_flt_round_bit'
INFO: [VRFC 10-3107] analyzing entity 'FP_MULT_lutNMuxS'
INFO: [VRFC 10-3107] analyzing entity 'FP_MULT_ppGenR8'
INFO: [VRFC 10-3107] analyzing entity 'FP_MULT_ppGenR8_16'
INFO: [VRFC 10-3107] analyzing entity 'FP_MULT_ppGenR8_17'
INFO: [VRFC 10-3107] analyzing entity 'FP_MULT_ppGenR8_18'
INFO: [VRFC 10-3107] analyzing entity 'FP_MULT_ppGenR8_19'
INFO: [VRFC 10-3107] analyzing entity 'FP_MULT_ppGenR8_20'
INFO: [VRFC 10-3107] analyzing entity 'FP_MULT_ppGenR8_21'
INFO: [VRFC 10-3107] analyzing entity 'FP_MULT_ppGenR8_22'
INFO: [VRFC 10-3107] analyzing entity '\FP_MULT_ppGenR8__parameterized2\'
INFO: [VRFC 10-3107] analyzing entity 'FP_ADDER_addsub'
INFO: [VRFC 10-3107] analyzing entity 'FP_ADDER_normalize'
INFO: [VRFC 10-3107] analyzing entity 'FP_ADDER_renorm_and_round_logic'
INFO: [VRFC 10-3107] analyzing entity 'FP_ADDER_special_detect'
INFO: [VRFC 10-3107] analyzing entity 'FP_ADDER_special_detect_1'
INFO: [VRFC 10-3107] analyzing entity 'FP_ADDER_zero_det_sel'
INFO: [VRFC 10-3107] analyzing entity 'FP_DIVIDE_flt_dec_op_lat'
INFO: [VRFC 10-3107] analyzing entity 'FP_DIVIDE_flt_div_mant'
INFO: [VRFC 10-3107] analyzing entity 'FP_DIVIDE_renorm_and_round_logic'
INFO: [VRFC 10-3107] analyzing entity 'FP_MULT_addSubShFW'
INFO: [VRFC 10-3107] analyzing entity 'FP_MULT_addSubShGW'
INFO: [VRFC 10-3107] analyzing entity '\FP_MULT_addSubShGW__parameterized3\'
INFO: [VRFC 10-3107] analyzing entity '\FP_MULT_addSubShGW__parameterized7\'
INFO: [VRFC 10-3107] analyzing entity 'FP_MULT_renorm_and_round_logic'
INFO: [VRFC 10-3107] analyzing entity 'FP_MULT_special_detect'
INFO: [VRFC 10-3107] analyzing entity 'FP_MULT_special_detect_64'
INFO: [VRFC 10-3107] analyzing entity 'FP_ADDER_alignment'
INFO: [VRFC 10-3107] analyzing entity 'FP_ADDER_flt_add_lat_exp'
INFO: [VRFC 10-3107] analyzing entity 'FP_ADDER_flt_add_lat_norm'
INFO: [VRFC 10-3107] analyzing entity 'FP_DIVIDE_flt_div'
INFO: [VRFC 10-3107] analyzing entity 'FP_MULT_flt_mult_exp'
INFO: [VRFC 10-3107] analyzing entity 'FP_MULT_flt_mult_round'
INFO: [VRFC 10-3107] analyzing entity 'FP_MULT_vmsMultCore'
INFO: [VRFC 10-3107] analyzing entity 'FP_ADDER_flt_add_lat_align_add'
INFO: [VRFC 10-3107] analyzing entity 'FP_DIVIDE_floating_point_v7_1_7_viv'
INFO: [VRFC 10-3107] analyzing entity 'FP_MULT_xMult'
INFO: [VRFC 10-3107] analyzing entity 'FP_DIVIDE_floating_point_v7_1_7'
INFO: [VRFC 10-3107] analyzing entity 'FP_ADDER_flt_add_lat'
INFO: [VRFC 10-3107] analyzing entity 'FP_MULT_fix_mult_qq'
INFO: [VRFC 10-3107] analyzing entity 'FP_DIVIDE'
INFO: [VRFC 10-3107] analyzing entity 'FP_ADDER_flt_add'
INFO: [VRFC 10-3107] analyzing entity 'FP_MULT_fix_mult'
INFO: [VRFC 10-3107] analyzing entity 'FP_ADDER_floating_point_v7_1_7_viv'
INFO: [VRFC 10-3107] analyzing entity 'FP_MULT_flt_mult'
INFO: [VRFC 10-3107] analyzing entity 'FP_ADDER_floating_point_v7_1_7'
INFO: [VRFC 10-3107] analyzing entity 'FP_MULT_floating_point_v7_1_7_viv'
INFO: [VRFC 10-3107] analyzing entity 'FP_ADDER'
INFO: [VRFC 10-3107] analyzing entity 'FP_MULT_floating_point_v7_1_7'
INFO: [VRFC 10-3107] analyzing entity 'FP_MULT'
INFO: [VRFC 10-3107] analyzing entity 'internal_cell'
INFO: [VRFC 10-163] Analyzing VHDL file "D:/Vivado_Projects/MSGR/MSGR.srcs/sim_1/new/internal_cell_TB.vhd" into library xil_defaultlib
INFO: [VRFC 10-3107] analyzing entity 'internal_cell_TB'
