Vivado Simulator 2018.3
Copyright 1986-1999, 2001-2018 Xilinx, Inc. All Rights Reserved.
Running: D:/Xilinx/Vivado/2018.3/bin/unwrapped/win64.o/xelab.exe -wto f750eb8f4cf544fc84bde17c0e5e979b --incr --debug typical --relax --mt 2 -L xbip_utils_v3_0_9 -L c_reg_fd_v12_0_5 -L xbip_dsp48_wrapper_v3_0_4 -L xbip_pipe_v3_0_5 -L xbip_dsp48_addsub_v3_0_5 -L xbip_addsub_v3_0_5 -L c_addsub_v12_0_12 -L c_gate_bit_v12_0_5 -L xbip_counter_v3_0_5 -L c_counter_binary_v12_0_12 -L xil_defaultlib -L axi_utils_v2_0_5 -L xbip_dsp48_multadd_v3_0_5 -L xbip_bram18k_v3_0_5 -L mult_gen_v12_0_14 -L floating_point_v7_1_7 -L secureip -L xpm --snapshot Overall_TB_behav xil_defaultlib.Overall_TB -log elaborate.log 
Using 2 slave threads.
Starting static elaboration
WARNING: [VRFC 10-2065] size mismatch between entity and component port [D:/Vivado_Projects/MSGR/MSGR.srcs/sources_1/new/Overall_MSGR.vhd:84]
WARNING: [VRFC 10-2065] size mismatch between entity and component port [D:/Vivado_Projects/MSGR/MSGR.srcs/sources_1/new/Overall_MSGR.vhd:84]
WARNING: [VRFC 10-2065] size mismatch between entity and component port [D:/Vivado_Projects/MSGR/MSGR.srcs/sources_1/new/Overall_MSGR.vhd:94]
WARNING: [VRFC 10-2065] size mismatch between entity and component port [D:/Vivado_Projects/MSGR/MSGR.srcs/sources_1/new/Overall_MSGR.vhd:94]
WARNING: [VRFC 10-2065] size mismatch between entity and component port [D:/Vivado_Projects/MSGR/MSGR.srcs/sources_1/new/Overall_MSGR.vhd:84]
WARNING: [VRFC 10-2065] size mismatch between entity and component port [D:/Vivado_Projects/MSGR/MSGR.srcs/sources_1/new/Overall_MSGR.vhd:84]
Completed static elaboration
Starting simulation data flow analysis
Completed simulation data flow analysis
Time Resolution for simulation is 1ps
Compiling package std.standard
Compiling package std.textio
Compiling package ieee.std_logic_1164
Compiling package ieee.numeric_std
Compiling package c_counter_binary_v12_0_12.c_counter_binary_v12_0_12_viv_co...
Compiling package xbip_utils_v3_0_9.xbip_utils_v3_0_9_pkg
Compiling package xbip_counter_v3_0_5.xbip_counter_v3_0_5_viv_comp
Compiling package ieee.std_logic_arith
Compiling package ieee.std_logic_unsigned
Compiling package xbip_counter_v3_0_5.xbip_counter_v3_0_5_pkg
Compiling package c_counter_binary_v12_0_12.c_counter_binary_v12_0_12_pkg
Compiling package c_addsub_v12_0_12.c_addsub_v12_0_12_pkg_legacy
Compiling package c_reg_fd_v12_0_5.c_reg_fd_v12_0_5_viv_comp
Compiling package c_addsub_v12_0_12.c_addsub_v12_0_12_pkg
Compiling package unisim.vcomponents
Compiling package floating_point_v7_1_7.floating_point_v7_1_7_viv_comp
Compiling package axi_utils_v2_0_5.axi_utils_v2_0_5_pkg
Compiling package floating_point_v7_1_7.floating_point_v7_1_7_consts
Compiling package ieee.math_real
Compiling package floating_point_v7_1_7.floating_point_v7_1_7_exp_table_...
Compiling package mult_gen_v12_0_14.mult_gen_v12_0_14_pkg
Compiling package ieee.std_logic_signed
Compiling package floating_point_v7_1_7.floating_point_v7_1_7_pkg
Compiling package floating_point_v7_1_7.flt_utils
Compiling package floating_point_v7_1_7.vt2mutils
Compiling package floating_point_v7_1_7.vt2mcomps
Compiling package floating_point_v7_1_7.vm2utils
Compiling package floating_point_v7_1_7.vm2comps
Compiling package ieee.vital_timing
Compiling package ieee.vital_primitives
Compiling package unisim.vpkg
Compiling package xbip_pipe_v3_0_5.xbip_pipe_v3_0_5_viv_comp
Compiling architecture beh of entity xil_defaultlib.reg [\reg(bits=33)\]
Compiling architecture beh of entity xil_defaultlib.reg [\reg(bits=32)\]
Compiling architecture structural of entity c_reg_fd_v12_0_5.c_reg_fd_v12_0_5_viv [\c_reg_fd_v12_0_5_viv(c_width=3,...]
Compiling architecture muxcy_v of entity unisim.MUXCY [muxcy_default]
Compiling architecture xorcy_v of entity unisim.XORCY [xorcy_default]
Compiling architecture rtl of entity c_addsub_v12_0_12.c_addsub_v12_0_12_lut6_legacy [\c_addsub_v12_0_12_lut6_legacy(c...]
Compiling architecture synth of entity c_addsub_v12_0_12.c_addsub_v12_0_12_fabric_legacy [\c_addsub_v12_0_12_fabric_legacy...]
Compiling architecture synth of entity c_addsub_v12_0_12.c_addsub_v12_0_12_legacy [\c_addsub_v12_0_12_legacy(c_fami...]
Compiling architecture synth of entity c_counter_binary_v12_0_12.c_counter_binary_v12_0_12_legacy [\c_counter_binary_v12_0_12_legac...]
Compiling architecture synth of entity c_counter_binary_v12_0_12.c_counter_binary_v12_0_12_viv [\c_counter_binary_v12_0_12_viv(c...]
Compiling architecture xilinx of entity c_counter_binary_v12_0_12.c_counter_binary_v12_0_12 [\c_counter_binary_v12_0_12(c_xde...]
Compiling architecture counter_6_arch of entity xil_defaultlib.Counter_6 [counter_6_default]
Compiling architecture structural of entity c_reg_fd_v12_0_5.c_reg_fd_v12_0_5_viv [\c_reg_fd_v12_0_5_viv(c_width=4,...]
Compiling architecture rtl of entity c_addsub_v12_0_12.c_addsub_v12_0_12_lut6_legacy [\c_addsub_v12_0_12_lut6_legacy(c...]
Compiling architecture synth of entity c_addsub_v12_0_12.c_addsub_v12_0_12_fabric_legacy [\c_addsub_v12_0_12_fabric_legacy...]
Compiling architecture synth of entity c_addsub_v12_0_12.c_addsub_v12_0_12_legacy [\c_addsub_v12_0_12_legacy(c_fami...]
Compiling architecture synth of entity c_counter_binary_v12_0_12.c_counter_binary_v12_0_12_legacy [\c_counter_binary_v12_0_12_legac...]
Compiling architecture synth of entity c_counter_binary_v12_0_12.c_counter_binary_v12_0_12_viv [\c_counter_binary_v12_0_12_viv(c...]
Compiling architecture xilinx of entity c_counter_binary_v12_0_12.c_counter_binary_v12_0_12 [\c_counter_binary_v12_0_12(c_xde...]
Compiling architecture counter_13_arch of entity xil_defaultlib.Counter_13 [counter_13_default]
Compiling architecture lut4_v of entity unisim.LUT4 [\LUT4(init="0000011111100000")(1...]
Compiling architecture virtex of entity floating_point_v7_1_7.fdgS [\fdgS(fdgsrval='0',fdinitval='0'...]
Compiling architecture virtex of entity floating_point_v7_1_7.lutS [\lutS(n=4,lutval="00000111111000...]
Compiling architecture lut4_v of entity unisim.LUT4 [\LUT4(init="0001100110011000")(1...]
Compiling architecture virtex of entity floating_point_v7_1_7.lutS [\lutS(n=4,lutval="00011001100110...]
Compiling architecture lut4_v of entity unisim.LUT4 [\LUT4(init="1000000000000001")(1...]
Compiling architecture virtex of entity floating_point_v7_1_7.lutS [\lutS(n=4,lutval="10000000000000...]
Compiling architecture virtex of entity floating_point_v7_1_7.cntrlgen [\cntrlgen(needce=true,registered...]
Compiling architecture lut4_v of entity unisim.LUT4 [\LUT4(init="0100010001111000")(0...]
Compiling architecture lut2_v of entity unisim.LUT2 [\LUT2(init="1000")(0,3)\]
Compiling architecture mult_and_v of entity unisim.MULT_AND [mult_and_default]
Compiling architecture virtex of entity floating_point_v7_1_7.fdgW [\fdgW(w=26,fdgsrval=(others=>'0'...]
Compiling architecture virtex of entity floating_point_v7_1_7.ppGenR8 [\ppGenR8(w=24,pw=26,twos=false,r...]
Compiling architecture virtex of entity floating_point_v7_1_7.ppGenR8 [\ppGenR8(w=24,pw=24,twos=false,r...]
Compiling architecture lut2_v of entity unisim.LUT2 [\LUT2(init="0110")(3,0)\]
Compiling architecture virtex of entity floating_point_v7_1_7.lutS [\lutS(n=2,lutval="00000000000001...]
Compiling architecture lut3_v of entity unisim.LUT3 [\LUT3(init="00000001")(7,0)\]
Compiling architecture virtex of entity floating_point_v7_1_7.lutV [\lutV(w=3,lutval="00000000000000...]
Compiling architecture virtex of entity floating_point_v7_1_7.andW [\andW(w=3,mask=(others=>'1'),cir...]
Compiling architecture lut3_v of entity unisim.LUT3 [\LUT3(init="10010110")(0,7)\]
Compiling architecture virtex of entity floating_point_v7_1_7.fdgW [\fdgW(w=27,fdgsrval=(others=>'0'...]
Compiling architecture virtex of entity floating_point_v7_1_7.addSubW [\addSubW(w=27,gateoptions=0,roun...]
Compiling architecture virtex of entity floating_point_v7_1_7.addSubShGW [\addSubShGW(aw=27,bw=27,sw=27,re...]
Compiling architecture virtex of entity floating_point_v7_1_7.fdgW [\fdgW(w=3,fdgsrval=(others=>'0')...]
Compiling architecture virtex of entity floating_point_v7_1_7.addSubShGW [\addSubShGW(aw=27,bw=27,sw=30,re...]
Compiling architecture virtex of entity floating_point_v7_1_7.fdgW [\fdgW(w=30,fdgsrval=(others=>'0'...]
Compiling architecture virtex of entity floating_point_v7_1_7.addSubW [\addSubW(w=30,gateoptions=0,roun...]
Compiling architecture virtex of entity floating_point_v7_1_7.addSubShGW [\addSubShGW(aw=27,bw=30,sw=30,re...]
Compiling architecture virtex of entity floating_point_v7_1_7.fdgW [\fdgW(w=6,fdgsrval=(others=>'0')...]
Compiling architecture virtex of entity floating_point_v7_1_7.addSubShGW [\addSubShGW(aw=30,bw=30,sw=36,sh...]
Compiling architecture lut4_v of entity unisim.LUT4 [\LUT4(init="0000000000000001")(1...]
Compiling architecture virtex of entity floating_point_v7_1_7.lutV [\lutV(w=4,lutval="00000000000000...]
Compiling architecture lut2_v of entity unisim.LUT2 [\LUT2(init="0001")(3,0)\]
Compiling architecture virtex of entity floating_point_v7_1_7.lutV [\lutV(w=2,lutval="00000000000000...]
Compiling architecture virtex of entity floating_point_v7_1_7.andW [\andW(w=6,mask=(others=>'1'),cir...]
Compiling architecture virtex of entity floating_point_v7_1_7.fdgW [\fdgW(w=36,fdgsrval=(others=>'0'...]
Compiling architecture virtex of entity floating_point_v7_1_7.addSubW [\addSubW(w=36,gateoptions=0,roun...]
Compiling architecture virtex of entity floating_point_v7_1_7.addSubShGW [\addSubShGW(aw=30,bw=36,sw=36,sh...]
Compiling architecture virtex of entity floating_point_v7_1_7.andW [\andW(w=10,mask=(others=>'1'),ci...]
Compiling architecture lut1_v of entity unisim.LUT1 [\LUT1(init="10")(1,0)\]
Compiling architecture virtex of entity floating_point_v7_1_7.lutN [\lutN(n=1,lutval="00000000000000...]
Compiling architecture virtex of entity floating_point_v7_1_7.lutNMuxS [\lutNMuxS(n=1,lutval="0000000000...]
Compiling architecture virtex of entity floating_point_v7_1_7.addSubW [\addSubW(w=27,gateoptions=0,roun...]
Compiling architecture virtex of entity floating_point_v7_1_7.addSubShFW [\addSubShFW(aw=36,bw=25,sw=27,sh...]
Compiling architecture virtex of entity floating_point_v7_1_7.delayW [\delayW(w=24,delaylength=0,regis...]
Compiling architecture netlist of entity floating_point_v7_1_7.vmsMultCore [\vmsMultCore(aw=24,bw=24,pw=26,r...]
Compiling architecture netlist of entity floating_point_v7_1_7.xMult [\xMult(aw=24,bw=24,pw=26,roundin...]
Compiling architecture rtl of entity floating_point_v7_1_7.fix_mult_qq [\fix_mult_qq(c_xdevicefamily="zy...]
Compiling architecture rtl of entity floating_point_v7_1_7.fix_mult [\fix_mult(c_xdevicefamily="zynq"...]
Compiling architecture synth of entity xbip_pipe_v3_0_5.xbip_pipe_v3_0_5_viv [\xbip_pipe_v3_0_5_viv(c_has_ce=1...]
Compiling architecture rtl of entity floating_point_v7_1_7.delay [\delay(width=8,length=0,fast_inp...]
Compiling architecture struct of entity floating_point_v7_1_7.carry_chain [\carry_chain(c_xdevicefamily="zy...]
Compiling architecture synth of entity xbip_pipe_v3_0_5.xbip_pipe_v3_0_5_viv [\xbip_pipe_v3_0_5_viv(c_has_ce=1...]
Compiling architecture rtl of entity floating_point_v7_1_7.delay [\delay(width=32,length=0)\]
Compiling architecture synth of entity xbip_pipe_v3_0_5.xbip_pipe_v3_0_5_viv [\xbip_pipe_v3_0_5_viv(c_has_ce=1...]
Compiling architecture rtl of entity floating_point_v7_1_7.delay [\delay(width=4,length=0)\]
Compiling architecture struct of entity floating_point_v7_1_7.carry_chain [\carry_chain(c_xdevicefamily="zy...]
Compiling architecture synth of entity floating_point_v7_1_7.compare_eq_im [\compare_eq_im(c_xdevicefamily="...]
Compiling architecture synth of entity xbip_pipe_v3_0_5.xbip_pipe_v3_0_5_viv [\xbip_pipe_v3_0_5_viv(c_has_ce=1...]
Compiling architecture rtl of entity floating_point_v7_1_7.delay [\delay(length=0,fast_input=true)...]
Compiling architecture rtl of entity floating_point_v7_1_7.special_detect [\special_detect(c_xdevicefamily=...]
Compiling architecture synth of entity xbip_pipe_v3_0_5.xbip_pipe_v3_0_5_viv [\xbip_pipe_v3_0_5_viv(c_has_ce=1...]
Compiling architecture rtl of entity floating_point_v7_1_7.delay [\delay(length=0)\]
Compiling architecture synth of entity xbip_pipe_v3_0_5.xbip_pipe_v3_0_5_viv [\xbip_pipe_v3_0_5_viv(c_has_ce=1...]
Compiling architecture rtl of entity floating_point_v7_1_7.delay [\delay(width=2,length=0,fast_inp...]
Compiling architecture synth of entity xbip_pipe_v3_0_5.xbip_pipe_v3_0_5_viv [\xbip_pipe_v3_0_5_viv(c_has_ce=1...]
Compiling architecture rtl of entity floating_point_v7_1_7.delay [\delay(width=4,length=0,fast_inp...]
Compiling architecture synth of entity xbip_pipe_v3_0_5.xbip_pipe_v3_0_5_viv [\xbip_pipe_v3_0_5_viv(c_has_ce=1...]
Compiling architecture rtl of entity floating_point_v7_1_7.delay [\delay(width=8,length=0)\]
Compiling architecture synth of entity xbip_pipe_v3_0_5.xbip_pipe_v3_0_5_viv [\xbip_pipe_v3_0_5_viv(c_has_ce=1...]
Compiling architecture rtl of entity floating_point_v7_1_7.delay [\delay(width=3,length=0,fast_inp...]
Compiling architecture synth of entity xbip_pipe_v3_0_5.xbip_pipe_v3_0_5_viv [\xbip_pipe_v3_0_5_viv(c_has_ce=1...]
Compiling architecture rtl of entity floating_point_v7_1_7.delay [\delay(width=14,length=0)\]
Compiling architecture rtl of entity floating_point_v7_1_7.flt_mult_exp [\flt_mult_exp(c_xdevicefamily="z...]
Compiling architecture synth of entity xbip_pipe_v3_0_5.xbip_pipe_v3_0_5_viv [\xbip_pipe_v3_0_5_viv(c_has_ce=1...]
Compiling architecture rtl of entity floating_point_v7_1_7.delay [\delay(width=12,length=0,fast_in...]
Compiling architecture struct of entity floating_point_v7_1_7.carry_chain [\carry_chain(c_xdevicefamily="zy...]
Compiling architecture struct of entity floating_point_v7_1_7.carry_chain [\carry_chain(c_xdevicefamily="zy...]
Compiling architecture synth of entity xbip_pipe_v3_0_5.xbip_pipe_v3_0_5_viv [\xbip_pipe_v3_0_5_viv(c_has_ce=1...]
Compiling architecture rtl of entity floating_point_v7_1_7.delay [\delay(width=25,length=0,fast_in...]
Compiling architecture synth of entity xbip_pipe_v3_0_5.xbip_pipe_v3_0_5_viv [\xbip_pipe_v3_0_5_viv(c_has_ce=1...]
Compiling architecture rtl of entity floating_point_v7_1_7.delay [\delay(width=3,length=0)\]
Compiling architecture synth of entity xbip_pipe_v3_0_5.xbip_pipe_v3_0_5_viv [\xbip_pipe_v3_0_5_viv(c_has_ce=1...]
Compiling architecture rtl of entity floating_point_v7_1_7.delay [\delay(width=2,length=0)\]
Compiling architecture struct of entity floating_point_v7_1_7.carry_chain [\carry_chain(c_xdevicefamily="zy...]
Compiling architecture rtl of entity floating_point_v7_1_7.flt_round_bit [\flt_round_bit(c_xdevicefamily="...]
Compiling architecture rtl of entity floating_point_v7_1_7.renorm_and_round_logic [\renorm_and_round_logic(c_xdevic...]
Compiling architecture rtl of entity floating_point_v7_1_7.flt_mult_round [\flt_mult_round(c_xdevicefamily=...]
Compiling architecture synth of entity floating_point_v7_1_7.flt_dec_op_lat [\flt_dec_op_lat(c_xdevicefamily=...]
Compiling architecture rtl of entity floating_point_v7_1_7.flt_mult [\flt_mult(c_xdevicefamily="zynq"...]
Compiling architecture synth of entity xbip_pipe_v3_0_5.xbip_pipe_v3_0_5_viv [\xbip_pipe_v3_0_5_viv(c_latency=...]
Compiling architecture xilinx of entity floating_point_v7_1_7.floating_point_v7_1_7_viv [\floating_point_v7_1_7_viv(c_xde...]
Compiling architecture xilinx of entity floating_point_v7_1_7.floating_point_v7_1_7 [\floating_point_v7_1_7(c_xdevice...]
Compiling architecture fp_mult_arch of entity xil_defaultlib.FP_MULT [fp_mult_default]
Compiling architecture beh of entity xil_defaultlib.reg [\reg(bits=1)\]
Compiling architecture behavioral of entity xil_defaultlib.boundary_cell [boundary_cell_default]
Compiling architecture struct of entity floating_point_v7_1_7.carry_chain [\carry_chain(c_xdevicefamily="ki...]
Compiling architecture synth of entity floating_point_v7_1_7.compare_eq_im [\compare_eq_im(c_xdevicefamily="...]
Compiling architecture rtl of entity floating_point_v7_1_7.special_detect [\special_detect(a_fw=24,op_delay...]
Compiling architecture lut6_2_v of entity unisim.LUT6_2 [\LUT6_2(init="000010101111100100...]
Compiling architecture lut6_2_v of entity unisim.LUT6_2 [\LUT6_2(init="000010101111100100...]
Compiling architecture lut6_2_v of entity unisim.LUT6_2 [\LUT6_2(init="000001010000100100...]
Compiling architecture lut6_2_v of entity unisim.LUT6_2 [\LUT6_2(init="000001010000100100...]
Compiling architecture lut6_2_v of entity unisim.LUT6_2 [\LUT6_2(init="111110100000100111...]
Compiling architecture lut6_2_v of entity unisim.LUT6_2 [\LUT6_2(init="111110100000100111...]
Compiling architecture lut6_2_v of entity unisim.LUT6_2 [\LUT6_2(init="111101011111100111...]
Compiling architecture lut6_2_v of entity unisim.LUT6_2 [\LUT6_2(init="111101011111100111...]
Compiling architecture synth of entity xbip_pipe_v3_0_5.xbip_pipe_v3_0_5_viv [\xbip_pipe_v3_0_5_viv(c_has_ce=1...]
Compiling architecture rtl of entity floating_point_v7_1_7.delay [\delay(width=10,length=0)\]
Compiling architecture struct of entity floating_point_v7_1_7.carry_chain [\carry_chain(c_xdevicefamily="zy...]
Compiling architecture muxf7_v of entity unisim.MUXF7 [muxf7_default]
Compiling architecture synth of entity xbip_pipe_v3_0_5.xbip_pipe_v3_0_5_viv [\xbip_pipe_v3_0_5_viv(c_has_ce=1...]
Compiling architecture rtl of entity floating_point_v7_1_7.delay [\delay(width=9,length=0)\]
Compiling architecture struct of entity floating_point_v7_1_7.carry_chain [\carry_chain(c_xdevicefamily="zy...]
Compiling architecture synth of entity xbip_pipe_v3_0_5.xbip_pipe_v3_0_5_viv [\xbip_pipe_v3_0_5_viv(c_has_ce=1...]
Compiling architecture rtl of entity floating_point_v7_1_7.delay [\delay(width=9,length=0,fast_inp...]
Compiling architecture rtl of entity floating_point_v7_1_7.flt_add_lat_exp [\flt_add_lat_exp(c_xdevicefamily...]
Compiling architecture synth of entity xbip_pipe_v3_0_5.xbip_pipe_v3_0_5_viv [\xbip_pipe_v3_0_5_viv(c_has_ce=1...]
Compiling architecture rtl of entity floating_point_v7_1_7.delay [\delay(width=24,length=0)\]
Compiling architecture synth of entity xbip_pipe_v3_0_5.xbip_pipe_v3_0_5_viv [\xbip_pipe_v3_0_5_viv(c_has_ce=1...]
Compiling architecture rtl of entity floating_point_v7_1_7.delay [\delay(width=24,length=0,fast_in...]
Compiling architecture synth of entity xbip_pipe_v3_0_5.xbip_pipe_v3_0_5_viv [\xbip_pipe_v3_0_5_viv(c_has_ce=1...]
Compiling architecture rtl of entity floating_point_v7_1_7.delay [\delay(width=25,length=0)\]
Compiling architecture synth of entity xbip_pipe_v3_0_5.xbip_pipe_v3_0_5_viv [\xbip_pipe_v3_0_5_viv(c_has_ce=1...]
Compiling architecture rtl of entity floating_point_v7_1_7.delay [\delay(width=16,length=0)\]
Compiling architecture muxf8_v of entity unisim.MUXF8 [muxf8_default]
Compiling architecture synth of entity xbip_pipe_v3_0_5.xbip_pipe_v3_0_5_viv [\xbip_pipe_v3_0_5_viv(c_has_ce=1...]
Compiling architecture rtl of entity floating_point_v7_1_7.delay [\delay(width=7,length=0)\]
Compiling architecture struct of entity floating_point_v7_1_7.carry_chain [\carry_chain(c_xdevicefamily="zy...]
Compiling architecture synth of entity floating_point_v7_1_7.compare_eq_im [\compare_eq_im(c_xdevicefamily="...]
Compiling architecture rtl of entity floating_point_v7_1_7.zero_det_sel [\zero_det_sel(c_xdevicefamily="z...]
Compiling architecture synth of entity xbip_pipe_v3_0_5.xbip_pipe_v3_0_5_viv [\xbip_pipe_v3_0_5_viv(c_has_ce=1...]
Compiling architecture rtl of entity floating_point_v7_1_7.delay [\delay(width=26,length=0)\]
Compiling architecture rtl of entity floating_point_v7_1_7.shift_msb_first [\shift_msb_first(a_width=25,resu...]
Compiling architecture rtl of entity floating_point_v7_1_7.alignment [\alignment(c_xdevicefamily="zynq...]
Compiling architecture synth of entity xbip_pipe_v3_0_5.xbip_pipe_v3_0_5_viv [\xbip_pipe_v3_0_5_viv(c_has_ce=1...]
Compiling architecture rtl of entity floating_point_v7_1_7.delay [\delay(width=13,length=0,fast_in...]
Compiling architecture struct of entity floating_point_v7_1_7.carry_chain [\carry_chain(c_xdevicefamily="zy...]
Compiling architecture struct of entity floating_point_v7_1_7.carry_chain [\carry_chain(c_xdevicefamily="zy...]
Compiling architecture synth of entity xbip_pipe_v3_0_5.xbip_pipe_v3_0_5_viv [\xbip_pipe_v3_0_5_viv(c_has_ce=1...]
Compiling architecture rtl of entity floating_point_v7_1_7.delay [\delay(width=11,length=0,fast_in...]
Compiling architecture synth of entity xbip_pipe_v3_0_5.xbip_pipe_v3_0_5_viv [\xbip_pipe_v3_0_5_viv(c_has_ce=1...]
Compiling architecture rtl of entity floating_point_v7_1_7.delay [\delay(width=13,length=0)\]
Compiling architecture synth of entity xbip_pipe_v3_0_5.xbip_pipe_v3_0_5_viv [\xbip_pipe_v3_0_5_viv(c_has_ce=1...]
Compiling architecture rtl of entity floating_point_v7_1_7.delay [\delay(width=14,length=0,fast_in...]
Compiling architecture rtl of entity floating_point_v7_1_7.addsub_logic [\addsub_logic(c_xdevicefamily="z...]
Compiling architecture rtl of entity floating_point_v7_1_7.addsub [\addsub(c_xdevicefamily="zynq",c...]
Compiling architecture rtl of entity floating_point_v7_1_7.flt_add_lat_align_add [\flt_add_lat_align_add(c_xdevice...]
Compiling architecture synth of entity xbip_pipe_v3_0_5.xbip_pipe_v3_0_5_viv [\xbip_pipe_v3_0_5_viv(c_has_ce=1...]
Compiling architecture rtl of entity floating_point_v7_1_7.delay [\delay(width=27,length=0)\]
Compiling architecture rtl of entity floating_point_v7_1_7.delay_s [\delay_s(width=26,length=0)\]
Compiling architecture rtl of entity floating_point_v7_1_7.delay_s [\delay_s(length=0)\]
Compiling architecture synth of entity xbip_pipe_v3_0_5.xbip_pipe_v3_0_5_viv [\xbip_pipe_v3_0_5_viv(c_has_ce=1...]
Compiling architecture rtl of entity floating_point_v7_1_7.delay [\delay(width=5,length=0,fast_inp...]
Compiling architecture struct of entity floating_point_v7_1_7.carry_chain [\carry_chain(c_xdevicefamily="zy...]
Compiling architecture rtl of entity floating_point_v7_1_7.mux4 [\mux4(c_xdevicefamily="zynq",wid...]
Compiling architecture rtl of entity floating_point_v7_1_7.mux4 [\mux4(c_xdevicefamily="zynq",wid...]
Compiling architecture struct of entity floating_point_v7_1_7.carry_chain [\carry_chain(c_xdevicefamily="zy...]
Compiling architecture rtl of entity floating_point_v7_1_7.lead_zero_encode [\lead_zero_encode(c_xdevicefamil...]
Compiling architecture rtl of entity floating_point_v7_1_7.shift_msb_first [\shift_msb_first(a_width=26,resu...]
Compiling architecture rtl of entity floating_point_v7_1_7.normalize [\normalize(c_xdevicefamily="zynq...]
Compiling architecture rtl of entity floating_point_v7_1_7.flt_add_lat_norm [\flt_add_lat_norm(c_xdevicefamil...]
Compiling architecture synth of entity xbip_pipe_v3_0_5.xbip_pipe_v3_0_5_viv [\xbip_pipe_v3_0_5_viv(c_has_ce=1...]
Compiling architecture rtl of entity floating_point_v7_1_7.delay [\delay(width=29,length=0)\]
Compiling architecture synth of entity xbip_pipe_v3_0_5.xbip_pipe_v3_0_5_viv [\xbip_pipe_v3_0_5_viv(c_has_ce=1...]
Compiling architecture rtl of entity floating_point_v7_1_7.delay [\delay(width=6,length=0)\]
Compiling architecture struct of entity floating_point_v7_1_7.carry_chain [\carry_chain(c_xdevicefamily="zy...]
Compiling architecture rtl of entity floating_point_v7_1_7.flt_round_bit [\flt_round_bit(c_xdevicefamily="...]
Compiling architecture rtl of entity floating_point_v7_1_7.renorm_and_round_logic [\renorm_and_round_logic(c_xdevic...]
Compiling architecture rtl of entity floating_point_v7_1_7.flt_add_lat [\flt_add_lat(c_xdevicefamily="zy...]
Compiling architecture rtl of entity floating_point_v7_1_7.flt_add [\flt_add(c_xdevicefamily="zynq",...]
Compiling architecture xilinx of entity floating_point_v7_1_7.floating_point_v7_1_7_viv [\floating_point_v7_1_7_viv(c_xde...]
Compiling architecture xilinx of entity floating_point_v7_1_7.floating_point_v7_1_7 [\floating_point_v7_1_7(c_xdevice...]
Compiling architecture fp_adder_arch of entity xil_defaultlib.FP_ADDER [fp_adder_default]
Compiling architecture synth of entity xbip_pipe_v3_0_5.xbip_pipe_v3_0_5_viv [\xbip_pipe_v3_0_5_viv(c_has_ce=1...]
Compiling architecture rtl of entity floating_point_v7_1_7.delay [\delay(width=23,length=0)\]
Compiling architecture struct of entity floating_point_v7_1_7.carry_chain [\carry_chain(c_xdevicefamily="zy...]
Compiling architecture synth of entity floating_point_v7_1_7.flt_div_mant_addsub [\flt_div_mant_addsub(c_xdevicefa...]
Compiling architecture virtex of entity floating_point_v7_1_7.flt_div_mant [\flt_div_mant(c_xdevicefamily="z...]
Compiling architecture synth of entity xbip_pipe_v3_0_5.xbip_pipe_v3_0_5_viv [\xbip_pipe_v3_0_5_viv(c_has_ce=1...]
Compiling architecture rtl of entity floating_point_v7_1_7.delay [\delay(width=10,length=0,fast_in...]
Compiling architecture rtl of entity floating_point_v7_1_7.special_detect [\special_detect(c_xdevicefamily=...]
Compiling architecture rtl of entity floating_point_v7_1_7.flt_div_exp [\flt_div_exp(c_xdevicefamily="no...]
Compiling architecture rtl of entity floating_point_v7_1_7.renorm_and_round_logic [\renorm_and_round_logic(c_xdevic...]
Compiling architecture synth of entity xbip_pipe_v3_0_5.xbip_pipe_v3_0_5_viv [\xbip_pipe_v3_0_5_viv(c_latency=...]
Compiling architecture rtl of entity floating_point_v7_1_7.delay [delay_default]
Compiling architecture synth of entity floating_point_v7_1_7.flt_dec_op_lat [\flt_dec_op_lat(c_xdevicefamily=...]
Compiling architecture virtex of entity floating_point_v7_1_7.flt_div [\flt_div(c_xdevicefamily="zynq",...]
Compiling architecture xilinx of entity floating_point_v7_1_7.floating_point_v7_1_7_viv [\floating_point_v7_1_7_viv(c_xde...]
Compiling architecture xilinx of entity floating_point_v7_1_7.floating_point_v7_1_7 [\floating_point_v7_1_7(c_xdevice...]
Compiling architecture fp_divide_arch of entity xil_defaultlib.FP_DIVIDE [fp_divide_default]
Compiling architecture behavioral of entity xil_defaultlib.internal_cell [internal_cell_default]
Compiling architecture synth of entity c_counter_binary_v12_0_12.c_counter_binary_v12_0_12_legacy [\c_counter_binary_v12_0_12_legac...]
Compiling architecture synth of entity c_counter_binary_v12_0_12.c_counter_binary_v12_0_12_viv [\c_counter_binary_v12_0_12_viv(c...]
Compiling architecture xilinx of entity c_counter_binary_v12_0_12.c_counter_binary_v12_0_12 [\c_counter_binary_v12_0_12(c_xde...]
Compiling architecture counter_arch of entity xil_defaultlib.Counter [counter_default]
Compiling architecture structural of entity xil_defaultlib.MSGR [msgr_default]
Compiling architecture behavioral of entity xil_defaultlib.bs_boundary_cell [bs_boundary_cell_default]
Compiling architecture behavioral of entity xil_defaultlib.bs_internal_cell [bs_internal_cell_default]
Compiling architecture behavioral of entity xil_defaultlib.IAM [iam_default]
Compiling architecture behavioral of entity xil_defaultlib.Overall_MSGR [overall_msgr_default]
Compiling architecture behavioral of entity xil_defaultlib.overall_tb
Built simulation snapshot Overall_TB_behav
